mode: atomic
github.com/e2eterraformprovider/terraform-provider-e2e/e2e/config/config.go:36.46,38.2 1 0
github.com/e2eterraformprovider/terraform-provider-e2e/e2e/config/config.go:42.65,44.2 1 0
github.com/e2eterraformprovider/terraform-provider-e2e/e2e/config/config.go:50.89,52.26 1 0
github.com/e2eterraformprovider/terraform-provider-e2e/e2e/config/config.go:52.26,54.3 1 0
github.com/e2eterraformprovider/terraform-provider-e2e/e2e/config/config.go:56.2,59.93 2 0
github.com/e2eterraformprovider/terraform-provider-e2e/e2e/config/config.go:59.93,61.3 1 0
github.com/e2eterraformprovider/terraform-provider-e2e/e2e/config/config.go:64.2,64.24 1 0
github.com/e2eterraformprovider/terraform-provider-e2e/e2e/config/config.go:64.24,71.3 2 0
github.com/e2eterraformprovider/terraform-provider-e2e/e2e/config/config.go:74.2,78.31 3 0
github.com/e2eterraformprovider/terraform-provider-e2e/e2e/config/config.go:78.31,80.3 1 0
github.com/e2eterraformprovider/terraform-provider-e2e/e2e/config/config.go:83.2,83.75 1 0
github.com/e2eterraformprovider/terraform-provider-e2e/e2e/config/config.go:88.72,101.46 2 0
github.com/e2eterraformprovider/terraform-provider-e2e/e2e/config/config.go:101.46,103.3 1 0
github.com/e2eterraformprovider/terraform-provider-e2e/e2e/config/config.go:105.2,105.17 1 0
github.com/e2eterraformprovider/terraform-provider-e2e/e2e/config/config.go:110.42,114.93 2 0
github.com/e2eterraformprovider/terraform-provider-e2e/e2e/config/config.go:114.93,116.3 1 0
github.com/e2eterraformprovider/terraform-provider-e2e/e2e/config/config.go:119.2,119.24 1 0
github.com/e2eterraformprovider/terraform-provider-e2e/e2e/config/config.go:119.24,126.3 2 0
github.com/e2eterraformprovider/terraform-provider-e2e/e2e/config/config.go:129.2,133.31 3 0
github.com/e2eterraformprovider/terraform-provider-e2e/e2e/config/config.go:133.31,135.3 1 0
github.com/e2eterraformprovider/terraform-provider-e2e/e2e/config/config.go:140.2,141.21 2 0
github.com/e2eterraformprovider/terraform-provider-e2e/e2e/config/config.go:141.21,143.3 1 0
github.com/e2eterraformprovider/terraform-provider-e2e/e2e/config/config.go:144.2,145.18 2 0
github.com/e2eterraformprovider/terraform-provider-e2e/e2e/config/config.go:145.18,147.3 1 0
github.com/e2eterraformprovider/terraform-provider-e2e/e2e/config/config.go:149.2,150.16 2 0
github.com/e2eterraformprovider/terraform-provider-e2e/e2e/config/config.go:150.16,152.3 1 0
github.com/e2eterraformprovider/terraform-provider-e2e/e2e/config/config.go:159.2,164.12 3 0
github.com/e2eterraformprovider/terraform-provider-e2e/e2e/config/config.go:177.66,179.36 1 0
github.com/e2eterraformprovider/terraform-provider-e2e/e2e/config/config.go:179.36,181.3 1 0
github.com/e2eterraformprovider/terraform-provider-e2e/e2e/config/config.go:184.2,184.38 1 0
github.com/e2eterraformprovider/terraform-provider-e2e/e2e/config/config.go:184.38,187.3 2 0
github.com/e2eterraformprovider/terraform-provider-e2e/e2e/config/config.go:191.2,191.74 1 0
github.com/e2eterraformprovider/terraform-provider-e2e/e2e/config/config.go:211.77,213.36 1 0
github.com/e2eterraformprovider/terraform-provider-e2e/e2e/config/config.go:213.36,215.3 1 0
github.com/e2eterraformprovider/terraform-provider-e2e/e2e/config/config.go:216.2,216.38 1 0
github.com/e2eterraformprovider/terraform-provider-e2e/e2e/config/config.go:216.38,219.3 2 0
github.com/e2eterraformprovider/terraform-provider-e2e/e2e/config/config.go:222.2,222.27 1 0
github.com/e2eterraformprovider/terraform-provider-e2e/e2e/config/config.go:222.27,224.3 1 0
github.com/e2eterraformprovider/terraform-provider-e2e/e2e/config/config.go:226.2,226.173 1 0
github.com/e2eterraformprovider/terraform-provider-e2e/e2e/config/config.go:243.80,244.40 1 0
github.com/e2eterraformprovider/terraform-provider-e2e/e2e/config/config.go:244.40,246.3 1 0
github.com/e2eterraformprovider/terraform-provider-e2e/e2e/config/config.go:248.2,248.30 1 0
github.com/e2eterraformprovider/terraform-provider-e2e/e2e/config/config.go:248.30,250.3 1 0
github.com/e2eterraformprovider/terraform-provider-e2e/e2e/config/config.go:252.2,252.178 1 0
github.com/e2eterraformprovider/terraform-provider-e2e/e2e/config/schema_helpers.go:15.57,22.2 1 1
github.com/e2eterraformprovider/terraform-provider-e2e/e2e/config/schema_helpers.go:28.59,36.2 1 1
github.com/e2eterraformprovider/terraform-provider-e2e/e2e/config/schema_helpers.go:42.68,49.2 1 1
github.com/e2eterraformprovider/terraform-provider-e2e/e2e/config/schema_helpers.go:56.68,63.2 1 1
github.com/e2eterraformprovider/terraform-provider-e2e/e2e/config/schema_helpers.go:81.40,84.32 3 0
github.com/e2eterraformprovider/terraform-provider-e2e/e2e/config/schema_helpers.go:84.32,85.35 1 0
github.com/e2eterraformprovider/terraform-provider-e2e/e2e/config/schema_helpers.go:85.35,86.17 1 0
github.com/e2eterraformprovider/terraform-provider-e2e/e2e/config/schema_helpers.go:86.17,88.5 1 0
github.com/e2eterraformprovider/terraform-provider-e2e/e2e/config/schema_helpers.go:89.4,89.17 1 0
github.com/e2eterraformprovider/terraform-provider-e2e/e2e/config/schema_helpers.go:92.2,92.14 1 0
github.com/e2eterraformprovider/terraform-provider-e2e/e2e/config/schema_helpers.go:97.69,127.2 1 0
github.com/e2eterraformprovider/terraform-provider-e2e/e2e/config/schema_helpers.go:131.68,164.2 1 0
github.com/e2eterraformprovider/terraform-provider-e2e/e2e/config/schema_helpers.go:168.69,191.2 1 0
github.com/e2eterraformprovider/terraform-provider-e2e/e2e/autoscaling/datasource_autoscaling.go:14.47,100.2 1 7
github.com/e2eterraformprovider/terraform-provider-e2e/e2e/autoscaling/datasource_autoscaling.go:102.109,110.16 5 6
github.com/e2eterraformprovider/terraform-provider-e2e/e2e/autoscaling/datasource_autoscaling.go:110.16,112.3 1 1
github.com/e2eterraformprovider/terraform-provider-e2e/e2e/autoscaling/datasource_autoscaling.go:115.2,116.16 2 5
github.com/e2eterraformprovider/terraform-provider-e2e/e2e/autoscaling/datasource_autoscaling.go:116.16,118.3 1 1
github.com/e2eterraformprovider/terraform-provider-e2e/e2e/autoscaling/datasource_autoscaling.go:121.2,122.16 2 4
github.com/e2eterraformprovider/terraform-provider-e2e/e2e/autoscaling/datasource_autoscaling.go:122.16,124.3 1 0
github.com/e2eterraformprovider/terraform-provider-e2e/e2e/autoscaling/datasource_autoscaling.go:127.2,128.16 2 4
github.com/e2eterraformprovider/terraform-provider-e2e/e2e/autoscaling/datasource_autoscaling.go:128.16,130.3 1 1
github.com/e2eterraformprovider/terraform-provider-e2e/e2e/autoscaling/datasource_autoscaling.go:132.2,132.18 1 3
github.com/e2eterraformprovider/terraform-provider-e2e/e2e/autoscaling/datasource_autoscaling.go:132.18,134.3 1 1
github.com/e2eterraformprovider/terraform-provider-e2e/e2e/autoscaling/datasource_autoscaling.go:136.2,185.14 14 2
github.com/e2eterraformprovider/terraform-provider-e2e/e2e/autoscaling/helpers.go:20.59,21.35 1 5
github.com/e2eterraformprovider/terraform-provider-e2e/e2e/autoscaling/helpers.go:21.35,23.3 1 2
github.com/e2eterraformprovider/terraform-provider-e2e/e2e/autoscaling/helpers.go:24.2,24.43 1 3
github.com/e2eterraformprovider/terraform-provider-e2e/e2e/autoscaling/helpers.go:24.43,26.3 1 1
github.com/e2eterraformprovider/terraform-provider-e2e/e2e/autoscaling/helpers.go:28.2,28.56 1 2
github.com/e2eterraformprovider/terraform-provider-e2e/e2e/autoscaling/helpers.go:32.45,33.38 1 0
github.com/e2eterraformprovider/terraform-provider-e2e/e2e/autoscaling/helpers.go:33.38,35.3 1 0
github.com/e2eterraformprovider/terraform-provider-e2e/e2e/autoscaling/helpers.go:36.2,36.52 1 0
github.com/e2eterraformprovider/terraform-provider-e2e/e2e/autoscaling/helpers.go:36.52,38.3 1 0
github.com/e2eterraformprovider/terraform-provider-e2e/e2e/autoscaling/helpers.go:39.2,39.10 1 0
github.com/e2eterraformprovider/terraform-provider-e2e/e2e/autoscaling/helpers.go:43.45,44.38 1 0
github.com/e2eterraformprovider/terraform-provider-e2e/e2e/autoscaling/helpers.go:44.38,46.3 1 0
github.com/e2eterraformprovider/terraform-provider-e2e/e2e/autoscaling/helpers.go:47.2,47.52 1 0
github.com/e2eterraformprovider/terraform-provider-e2e/e2e/autoscaling/helpers.go:47.52,49.3 1 0
github.com/e2eterraformprovider/terraform-provider-e2e/e2e/autoscaling/helpers.go:50.2,50.10 1 0
github.com/e2eterraformprovider/terraform-provider-e2e/e2e/autoscaling/helpers.go:54.53,55.46 1 0
github.com/e2eterraformprovider/terraform-provider-e2e/e2e/autoscaling/helpers.go:55.46,57.3 1 0
github.com/e2eterraformprovider/terraform-provider-e2e/e2e/autoscaling/helpers.go:58.2,58.51 1 0
github.com/e2eterraformprovider/terraform-provider-e2e/e2e/autoscaling/helpers.go:58.51,60.3 1 0
github.com/e2eterraformprovider/terraform-provider-e2e/e2e/autoscaling/helpers.go:61.2,61.10 1 0
github.com/e2eterraformprovider/terraform-provider-e2e/e2e/autoscaling/helpers.go:65.47,66.36 1 0
github.com/e2eterraformprovider/terraform-provider-e2e/e2e/autoscaling/helpers.go:66.36,68.3 1 0
github.com/e2eterraformprovider/terraform-provider-e2e/e2e/autoscaling/helpers.go:69.2,69.46 1 0
github.com/e2eterraformprovider/terraform-provider-e2e/e2e/autoscaling/helpers.go:69.46,71.3 1 0
github.com/e2eterraformprovider/terraform-provider-e2e/e2e/autoscaling/helpers.go:72.2,72.11 1 0
github.com/e2eterraformprovider/terraform-provider-e2e/e2e/autoscaling/helpers.go:76.55,77.47 1 0
github.com/e2eterraformprovider/terraform-provider-e2e/e2e/autoscaling/helpers.go:77.47,79.3 1 0
github.com/e2eterraformprovider/terraform-provider-e2e/e2e/autoscaling/helpers.go:80.2,80.63 1 0
github.com/e2eterraformprovider/terraform-provider-e2e/e2e/autoscaling/helpers.go:80.63,82.3 1 0
github.com/e2eterraformprovider/terraform-provider-e2e/e2e/autoscaling/helpers.go:83.2,83.14 1 0
github.com/e2eterraformprovider/terraform-provider-e2e/e2e/autoscaling/helpers.go:87.53,88.46 1 0
github.com/e2eterraformprovider/terraform-provider-e2e/e2e/autoscaling/helpers.go:88.46,90.3 1 0
github.com/e2eterraformprovider/terraform-provider-e2e/e2e/autoscaling/helpers.go:91.2,91.60 1 0
github.com/e2eterraformprovider/terraform-provider-e2e/e2e/autoscaling/helpers.go:91.60,93.3 1 0
github.com/e2eterraformprovider/terraform-provider-e2e/e2e/autoscaling/helpers.go:94.2,94.13 1 0
github.com/e2eterraformprovider/terraform-provider-e2e/e2e/autoscaling/helpers.go:99.44,100.16 1 12
github.com/e2eterraformprovider/terraform-provider-e2e/e2e/autoscaling/helpers.go:101.59,102.60 1 2
github.com/e2eterraformprovider/terraform-provider-e2e/e2e/autoscaling/helpers.go:103.59,104.60 1 1
github.com/e2eterraformprovider/terraform-provider-e2e/e2e/autoscaling/helpers.go:105.64,106.65 1 1
github.com/e2eterraformprovider/terraform-provider-e2e/e2e/autoscaling/helpers.go:107.64,108.65 1 1
github.com/e2eterraformprovider/terraform-provider-e2e/e2e/autoscaling/helpers.go:109.10,110.16 1 7
github.com/e2eterraformprovider/terraform-provider-e2e/e2e/autoscaling/helpers.go:117.114,119.16 2 0
github.com/e2eterraformprovider/terraform-provider-e2e/e2e/autoscaling/helpers.go:119.16,121.3 1 0
github.com/e2eterraformprovider/terraform-provider-e2e/e2e/autoscaling/helpers.go:123.2,123.29 1 0
github.com/e2eterraformprovider/terraform-provider-e2e/e2e/autoscaling/helpers.go:123.29,124.28 1 0
github.com/e2eterraformprovider/terraform-provider-e2e/e2e/autoscaling/helpers.go:124.28,126.4 1 0
github.com/e2eterraformprovider/terraform-provider-e2e/e2e/autoscaling/helpers.go:129.2,129.73 1 0
github.com/e2eterraformprovider/terraform-provider-e2e/e2e/autoscaling/helpers.go:133.88,135.16 2 0
github.com/e2eterraformprovider/terraform-provider-e2e/e2e/autoscaling/helpers.go:135.16,137.3 1 0
github.com/e2eterraformprovider/terraform-provider-e2e/e2e/autoscaling/helpers.go:139.2,139.25 1 0
github.com/e2eterraformprovider/terraform-provider-e2e/e2e/autoscaling/helpers.go:139.25,140.19 1 0
github.com/e2eterraformprovider/terraform-provider-e2e/e2e/autoscaling/helpers.go:140.19,143.18 2 0
github.com/e2eterraformprovider/terraform-provider-e2e/e2e/autoscaling/helpers.go:143.18,145.5 1 0
github.com/e2eterraformprovider/terraform-provider-e2e/e2e/autoscaling/helpers.go:146.4,146.20 1 0
github.com/e2eterraformprovider/terraform-provider-e2e/e2e/autoscaling/helpers.go:150.2,150.58 1 0
github.com/e2eterraformprovider/terraform-provider-e2e/e2e/autoscaling/helpers.go:154.133,156.16 2 0
github.com/e2eterraformprovider/terraform-provider-e2e/e2e/autoscaling/helpers.go:156.16,158.3 1 0
github.com/e2eterraformprovider/terraform-provider-e2e/e2e/autoscaling/helpers.go:159.2,159.30 1 0
github.com/e2eterraformprovider/terraform-provider-e2e/e2e/autoscaling/helpers.go:163.80,164.18 1 0
github.com/e2eterraformprovider/terraform-provider-e2e/e2e/autoscaling/helpers.go:164.18,166.3 1 0
github.com/e2eterraformprovider/terraform-provider-e2e/e2e/autoscaling/helpers.go:168.2,169.29 2 0
github.com/e2eterraformprovider/terraform-provider-e2e/e2e/autoscaling/helpers.go:169.29,178.3 1 0
github.com/e2eterraformprovider/terraform-provider-e2e/e2e/autoscaling/helpers.go:180.2,180.33 1 0
github.com/e2eterraformprovider/terraform-provider-e2e/e2e/autoscaling/helpers.go:185.72,188.44 2 0
github.com/e2eterraformprovider/terraform-provider-e2e/e2e/autoscaling/helpers.go:188.44,190.39 1 0
github.com/e2eterraformprovider/terraform-provider-e2e/e2e/autoscaling/helpers.go:190.39,193.45 3 0
github.com/e2eterraformprovider/terraform-provider-e2e/e2e/autoscaling/helpers.go:193.45,195.5 1 0
github.com/e2eterraformprovider/terraform-provider-e2e/e2e/autoscaling/helpers.go:198.4,200.35 3 0
github.com/e2eterraformprovider/terraform-provider-e2e/e2e/autoscaling/helpers.go:200.35,202.5 1 0
github.com/e2eterraformprovider/terraform-provider-e2e/e2e/autoscaling/helpers.go:202.10,202.45 1 0
github.com/e2eterraformprovider/terraform-provider-e2e/e2e/autoscaling/helpers.go:202.45,204.5 1 0
github.com/e2eterraformprovider/terraform-provider-e2e/e2e/autoscaling/helpers.go:206.4,215.6 1 0
github.com/e2eterraformprovider/terraform-provider-e2e/e2e/autoscaling/helpers.go:217.8,217.43 1 0
github.com/e2eterraformprovider/terraform-provider-e2e/e2e/autoscaling/helpers.go:217.43,219.39 1 0
github.com/e2eterraformprovider/terraform-provider-e2e/e2e/autoscaling/helpers.go:219.39,231.4 2 0
github.com/e2eterraformprovider/terraform-provider-e2e/e2e/autoscaling/helpers.go:234.2,234.17 1 0
github.com/e2eterraformprovider/terraform-provider-e2e/e2e/autoscaling/helpers.go:239.106,266.28 3 0
github.com/e2eterraformprovider/terraform-provider-e2e/e2e/autoscaling/helpers.go:266.28,269.22 2 0
github.com/e2eterraformprovider/terraform-provider-e2e/e2e/autoscaling/helpers.go:269.22,271.4 1 0
github.com/e2eterraformprovider/terraform-provider-e2e/e2e/autoscaling/helpers.go:271.9,271.32 1 0
github.com/e2eterraformprovider/terraform-provider-e2e/e2e/autoscaling/helpers.go:271.32,273.4 1 0
github.com/e2eterraformprovider/terraform-provider-e2e/e2e/autoscaling/helpers.go:276.3,297.5 2 0
github.com/e2eterraformprovider/terraform-provider-e2e/e2e/autoscaling/helpers.go:300.2,300.31 1 0
github.com/e2eterraformprovider/terraform-provider-e2e/e2e/autoscaling/helpers.go:305.76,308.46 2 0
github.com/e2eterraformprovider/terraform-provider-e2e/e2e/autoscaling/helpers.go:308.46,310.39 1 0
github.com/e2eterraformprovider/terraform-provider-e2e/e2e/autoscaling/helpers.go:310.39,314.36 4 0
github.com/e2eterraformprovider/terraform-provider-e2e/e2e/autoscaling/helpers.go:314.36,316.5 1 0
github.com/e2eterraformprovider/terraform-provider-e2e/e2e/autoscaling/helpers.go:316.10,318.5 1 0
github.com/e2eterraformprovider/terraform-provider-e2e/e2e/autoscaling/helpers.go:319.4,323.6 1 0
github.com/e2eterraformprovider/terraform-provider-e2e/e2e/autoscaling/helpers.go:325.8,325.53 1 0
github.com/e2eterraformprovider/terraform-provider-e2e/e2e/autoscaling/helpers.go:325.53,327.39 1 0
github.com/e2eterraformprovider/terraform-provider-e2e/e2e/autoscaling/helpers.go:327.39,334.4 2 0
github.com/e2eterraformprovider/terraform-provider-e2e/e2e/autoscaling/helpers.go:337.2,337.17 1 0
github.com/e2eterraformprovider/terraform-provider-e2e/e2e/autoscaling/helpers.go:342.108,359.35 3 0
github.com/e2eterraformprovider/terraform-provider-e2e/e2e/autoscaling/helpers.go:359.35,373.3 2 0
github.com/e2eterraformprovider/terraform-provider-e2e/e2e/autoscaling/helpers.go:375.2,375.31 1 0
github.com/e2eterraformprovider/terraform-provider-e2e/e2e/autoscaling/helpers.go:380.116,383.40 2 0
github.com/e2eterraformprovider/terraform-provider-e2e/e2e/autoscaling/helpers.go:383.40,385.42 1 0
github.com/e2eterraformprovider/terraform-provider-e2e/e2e/autoscaling/helpers.go:385.42,391.18 4 0
github.com/e2eterraformprovider/terraform-provider-e2e/e2e/autoscaling/helpers.go:391.18,393.5 1 0
github.com/e2eterraformprovider/terraform-provider-e2e/e2e/autoscaling/helpers.go:395.4,400.6 1 0
github.com/e2eterraformprovider/terraform-provider-e2e/e2e/autoscaling/helpers.go:402.8,402.40 1 0
github.com/e2eterraformprovider/terraform-provider-e2e/e2e/autoscaling/helpers.go:402.40,404.42 1 0
github.com/e2eterraformprovider/terraform-provider-e2e/e2e/autoscaling/helpers.go:404.42,410.18 4 0
github.com/e2eterraformprovider/terraform-provider-e2e/e2e/autoscaling/helpers.go:410.18,412.5 1 0
github.com/e2eterraformprovider/terraform-provider-e2e/e2e/autoscaling/helpers.go:414.4,419.6 1 0
github.com/e2eterraformprovider/terraform-provider-e2e/e2e/autoscaling/helpers.go:423.2,423.24 1 0
github.com/e2eterraformprovider/terraform-provider-e2e/e2e/autoscaling/helpers.go:428.132,431.41 2 0
github.com/e2eterraformprovider/terraform-provider-e2e/e2e/autoscaling/helpers.go:431.41,436.17 3 0
github.com/e2eterraformprovider/terraform-provider-e2e/e2e/autoscaling/helpers.go:436.17,445.12 2 0
github.com/e2eterraformprovider/terraform-provider-e2e/e2e/autoscaling/helpers.go:448.3,456.39 3 0
github.com/e2eterraformprovider/terraform-provider-e2e/e2e/autoscaling/helpers.go:456.39,464.4 1 0
github.com/e2eterraformprovider/terraform-provider-e2e/e2e/autoscaling/helpers.go:466.3,467.38 2 0
github.com/e2eterraformprovider/terraform-provider-e2e/e2e/autoscaling/helpers.go:470.2,470.21 1 0
github.com/e2eterraformprovider/terraform-provider-e2e/e2e/autoscaling/helpers.go:484.65,486.2 1 7
github.com/e2eterraformprovider/terraform-provider-e2e/e2e/autoscaling/helpers.go:490.65,492.44 1 7
github.com/e2eterraformprovider/terraform-provider-e2e/e2e/autoscaling/helpers.go:492.44,494.27 2 4
github.com/e2eterraformprovider/terraform-provider-e2e/e2e/autoscaling/helpers.go:494.27,496.4 1 0
github.com/e2eterraformprovider/terraform-provider-e2e/e2e/autoscaling/helpers.go:497.3,497.49 1 4
github.com/e2eterraformprovider/terraform-provider-e2e/e2e/autoscaling/helpers.go:502.2,503.14 2 3
github.com/e2eterraformprovider/terraform-provider-e2e/e2e/autoscaling/helpers.go:503.14,505.3 1 0
github.com/e2eterraformprovider/terraform-provider-e2e/e2e/autoscaling/helpers.go:507.2,508.33 2 3
github.com/e2eterraformprovider/terraform-provider-e2e/e2e/autoscaling/helpers.go:508.33,510.3 1 3
github.com/e2eterraformprovider/terraform-provider-e2e/e2e/autoscaling/helpers.go:512.2,512.48 1 0
github.com/e2eterraformprovider/terraform-provider-e2e/e2e/autoscaling/helpers.go:516.75,519.26 1 4
github.com/e2eterraformprovider/terraform-provider-e2e/e2e/autoscaling/helpers.go:519.26,521.3 1 1
github.com/e2eterraformprovider/terraform-provider-e2e/e2e/autoscaling/helpers.go:523.2,524.9 2 3
github.com/e2eterraformprovider/terraform-provider-e2e/e2e/autoscaling/helpers.go:524.9,526.3 1 0
github.com/e2eterraformprovider/terraform-provider-e2e/e2e/autoscaling/helpers.go:528.2,531.50 2 3
github.com/e2eterraformprovider/terraform-provider-e2e/e2e/autoscaling/helpers.go:531.50,533.3 1 3
github.com/e2eterraformprovider/terraform-provider-e2e/e2e/autoscaling/helpers.go:533.8,536.3 1 0
github.com/e2eterraformprovider/terraform-provider-e2e/e2e/autoscaling/helpers.go:539.2,539.43 1 3
github.com/e2eterraformprovider/terraform-provider-e2e/e2e/autoscaling/helpers.go:539.43,542.33 3 3
github.com/e2eterraformprovider/terraform-provider-e2e/e2e/autoscaling/helpers.go:542.33,544.4 1 5
github.com/e2eterraformprovider/terraform-provider-e2e/e2e/autoscaling/helpers.go:545.3,545.36 1 3
github.com/e2eterraformprovider/terraform-provider-e2e/e2e/autoscaling/helpers.go:549.2,549.49 1 3
github.com/e2eterraformprovider/terraform-provider-e2e/e2e/autoscaling/helpers.go:549.49,552.27 3 3
github.com/e2eterraformprovider/terraform-provider-e2e/e2e/autoscaling/helpers.go:552.27,554.4 1 6
github.com/e2eterraformprovider/terraform-provider-e2e/e2e/autoscaling/helpers.go:555.3,555.48 1 3
github.com/e2eterraformprovider/terraform-provider-e2e/e2e/autoscaling/helpers.go:558.2,558.22 1 3
github.com/e2eterraformprovider/terraform-provider-e2e/e2e/autoscaling/helpers.go:567.28,569.2 1 8
github.com/e2eterraformprovider/terraform-provider-e2e/e2e/autoscaling/helpers.go:576.28,578.73 1 8
github.com/e2eterraformprovider/terraform-provider-e2e/e2e/autoscaling/helpers.go:578.73,580.3 1 2
github.com/e2eterraformprovider/terraform-provider-e2e/e2e/autoscaling/helpers.go:582.2,587.23 2 6
github.com/e2eterraformprovider/terraform-provider-e2e/e2e/autoscaling/helpers.go:587.23,589.30 2 4
github.com/e2eterraformprovider/terraform-provider-e2e/e2e/autoscaling/helpers.go:589.30,591.4 1 6
github.com/e2eterraformprovider/terraform-provider-e2e/e2e/autoscaling/helpers.go:592.3,592.37 1 4
github.com/e2eterraformprovider/terraform-provider-e2e/e2e/autoscaling/helpers.go:596.2,596.31 1 6
github.com/e2eterraformprovider/terraform-provider-e2e/e2e/autoscaling/helpers.go:596.31,598.38 2 3
github.com/e2eterraformprovider/terraform-provider-e2e/e2e/autoscaling/helpers.go:598.38,600.4 1 7
github.com/e2eterraformprovider/terraform-provider-e2e/e2e/autoscaling/helpers.go:601.3,601.37 1 3
github.com/e2eterraformprovider/terraform-provider-e2e/e2e/autoscaling/helpers.go:604.2,604.41 1 6
github.com/e2eterraformprovider/terraform-provider-e2e/e2e/autoscaling/helpers.go:609.65,610.16 1 0
github.com/e2eterraformprovider/terraform-provider-e2e/e2e/autoscaling/helpers.go:610.16,612.3 1 0
github.com/e2eterraformprovider/terraform-provider-e2e/e2e/autoscaling/helpers.go:614.2,615.33 2 0
github.com/e2eterraformprovider/terraform-provider-e2e/e2e/autoscaling/helpers.go:615.33,617.3 1 0
github.com/e2eterraformprovider/terraform-provider-e2e/e2e/autoscaling/helpers.go:619.2,623.50 3 0
github.com/e2eterraformprovider/terraform-provider-e2e/e2e/autoscaling/helpers.go:623.50,625.3 1 0
github.com/e2eterraformprovider/terraform-provider-e2e/e2e/autoscaling/helpers.go:625.8,627.3 1 0
github.com/e2eterraformprovider/terraform-provider-e2e/e2e/autoscaling/helpers.go:630.2,630.43 1 0
github.com/e2eterraformprovider/terraform-provider-e2e/e2e/autoscaling/helpers.go:630.43,633.33 3 0
github.com/e2eterraformprovider/terraform-provider-e2e/e2e/autoscaling/helpers.go:633.33,635.4 1 0
github.com/e2eterraformprovider/terraform-provider-e2e/e2e/autoscaling/helpers.go:636.3,636.36 1 0
github.com/e2eterraformprovider/terraform-provider-e2e/e2e/autoscaling/helpers.go:640.2,640.49 1 0
github.com/e2eterraformprovider/terraform-provider-e2e/e2e/autoscaling/helpers.go:640.49,643.27 3 0
github.com/e2eterraformprovider/terraform-provider-e2e/e2e/autoscaling/helpers.go:643.27,645.4 1 0
github.com/e2eterraformprovider/terraform-provider-e2e/e2e/autoscaling/helpers.go:646.3,646.48 1 0
github.com/e2eterraformprovider/terraform-provider-e2e/e2e/autoscaling/helpers.go:649.2,649.22 1 0
github.com/e2eterraformprovider/terraform-provider-e2e/e2e/autoscaling/helpers.go:654.44,656.2 1 11
github.com/e2eterraformprovider/terraform-provider-e2e/e2e/autoscaling/helpers.go:659.44,660.22 1 11
github.com/e2eterraformprovider/terraform-provider-e2e/e2e/autoscaling/helpers.go:660.22,662.3 1 4
github.com/e2eterraformprovider/terraform-provider-e2e/e2e/autoscaling/helpers.go:663.2,663.19 1 7
github.com/e2eterraformprovider/terraform-provider-e2e/e2e/autoscaling/helpers.go:663.19,664.19 1 10
github.com/e2eterraformprovider/terraform-provider-e2e/e2e/autoscaling/helpers.go:664.19,666.4 1 2
github.com/e2eterraformprovider/terraform-provider-e2e/e2e/autoscaling/helpers.go:668.2,668.13 1 5
github.com/e2eterraformprovider/terraform-provider-e2e/e2e/autoscaling/helpers.go:673.38,675.2 1 11
github.com/e2eterraformprovider/terraform-provider-e2e/e2e/autoscaling/helpers.go:678.38,679.22 1 11
github.com/e2eterraformprovider/terraform-provider-e2e/e2e/autoscaling/helpers.go:679.22,681.3 1 4
github.com/e2eterraformprovider/terraform-provider-e2e/e2e/autoscaling/helpers.go:682.2,682.19 1 7
github.com/e2eterraformprovider/terraform-provider-e2e/e2e/autoscaling/helpers.go:682.19,683.19 1 10
github.com/e2eterraformprovider/terraform-provider-e2e/e2e/autoscaling/helpers.go:683.19,685.4 1 2
github.com/e2eterraformprovider/terraform-provider-e2e/e2e/autoscaling/helpers.go:687.2,687.13 1 5
github.com/e2eterraformprovider/terraform-provider-e2e/e2e/autoscaling/log_redaction.go:17.88,18.16 1 2
github.com/e2eterraformprovider/terraform-provider-e2e/e2e/autoscaling/log_redaction.go:18.16,20.3 1 1
github.com/e2eterraformprovider/terraform-provider-e2e/e2e/autoscaling/log_redaction.go:23.2,26.37 2 1
github.com/e2eterraformprovider/terraform-provider-e2e/e2e/autoscaling/log_redaction.go:26.37,28.3 1 1
github.com/e2eterraformprovider/terraform-provider-e2e/e2e/autoscaling/log_redaction.go:30.2,31.16 2 1
github.com/e2eterraformprovider/terraform-provider-e2e/e2e/autoscaling/log_redaction.go:31.16,33.3 1 0
github.com/e2eterraformprovider/terraform-provider-e2e/e2e/autoscaling/log_redaction.go:34.2,34.10 1 1
github.com/e2eterraformprovider/terraform-provider-e2e/e2e/autoscaling/resource_autoscaling.go:30.69,40.43 3 0
github.com/e2eterraformprovider/terraform-provider-e2e/e2e/autoscaling/resource_autoscaling.go:40.43,41.38 1 0
github.com/e2eterraformprovider/terraform-provider-e2e/e2e/autoscaling/resource_autoscaling.go:41.38,43.26 1 0
github.com/e2eterraformprovider/terraform-provider-e2e/e2e/autoscaling/resource_autoscaling.go:44.16,45.17 1 0
github.com/e2eterraformprovider/terraform-provider-e2e/e2e/autoscaling/resource_autoscaling.go:45.17,47.6 1 0
github.com/e2eterraformprovider/terraform-provider-e2e/e2e/autoscaling/resource_autoscaling.go:48.23,49.21 1 0
github.com/e2eterraformprovider/terraform-provider-e2e/e2e/autoscaling/resource_autoscaling.go:49.21,51.6 1 0
github.com/e2eterraformprovider/terraform-provider-e2e/e2e/autoscaling/resource_autoscaling.go:53.4,53.58 1 0
github.com/e2eterraformprovider/terraform-provider-e2e/e2e/autoscaling/resource_autoscaling.go:57.2,68.20 11 0
github.com/e2eterraformprovider/terraform-provider-e2e/e2e/autoscaling/resource_autoscaling.go:68.20,70.3 1 0
github.com/e2eterraformprovider/terraform-provider-e2e/e2e/autoscaling/resource_autoscaling.go:72.2,75.25 4 0
github.com/e2eterraformprovider/terraform-provider-e2e/e2e/autoscaling/resource_autoscaling.go:75.25,77.3 1 0
github.com/e2eterraformprovider/terraform-provider-e2e/e2e/autoscaling/resource_autoscaling.go:78.2,84.37 3 0
github.com/e2eterraformprovider/terraform-provider-e2e/e2e/autoscaling/resource_autoscaling.go:87.89,98.43 3 0
github.com/e2eterraformprovider/terraform-provider-e2e/e2e/autoscaling/resource_autoscaling.go:98.43,99.35 1 0
github.com/e2eterraformprovider/terraform-provider-e2e/e2e/autoscaling/resource_autoscaling.go:99.35,100.26 1 0
github.com/e2eterraformprovider/terraform-provider-e2e/e2e/autoscaling/resource_autoscaling.go:101.16,102.17 1 0
github.com/e2eterraformprovider/terraform-provider-e2e/e2e/autoscaling/resource_autoscaling.go:102.17,104.6 1 0
github.com/e2eterraformprovider/terraform-provider-e2e/e2e/autoscaling/resource_autoscaling.go:105.23,106.21 1 0
github.com/e2eterraformprovider/terraform-provider-e2e/e2e/autoscaling/resource_autoscaling.go:106.21,108.6 1 0
github.com/e2eterraformprovider/terraform-provider-e2e/e2e/autoscaling/resource_autoscaling.go:110.4,110.58 1 0
github.com/e2eterraformprovider/terraform-provider-e2e/e2e/autoscaling/resource_autoscaling.go:114.2,125.20 11 0
github.com/e2eterraformprovider/terraform-provider-e2e/e2e/autoscaling/resource_autoscaling.go:125.20,127.3 1 0
github.com/e2eterraformprovider/terraform-provider-e2e/e2e/autoscaling/resource_autoscaling.go:129.2,132.25 4 0
github.com/e2eterraformprovider/terraform-provider-e2e/e2e/autoscaling/resource_autoscaling.go:132.25,134.3 1 0
github.com/e2eterraformprovider/terraform-provider-e2e/e2e/autoscaling/resource_autoscaling.go:135.2,142.3 3 0
github.com/e2eterraformprovider/terraform-provider-e2e/e2e/autoscaling/resource_autoscaling.go:145.75,146.28 1 0
github.com/e2eterraformprovider/terraform-provider-e2e/e2e/autoscaling/resource_autoscaling.go:146.28,147.18 1 0
github.com/e2eterraformprovider/terraform-provider-e2e/e2e/autoscaling/resource_autoscaling.go:147.18,149.4 1 0
github.com/e2eterraformprovider/terraform-provider-e2e/e2e/autoscaling/resource_autoscaling.go:151.2,151.14 1 0
github.com/e2eterraformprovider/terraform-provider-e2e/e2e/autoscaling/resource_autoscaling.go:154.45,206.77 1 6
github.com/e2eterraformprovider/terraform-provider-e2e/e2e/autoscaling/resource_autoscaling.go:206.77,207.39 1 0
github.com/e2eterraformprovider/terraform-provider-e2e/e2e/autoscaling/resource_autoscaling.go:207.39,208.53 1 0
github.com/e2eterraformprovider/terraform-provider-e2e/e2e/autoscaling/resource_autoscaling.go:208.53,210.8 1 0
github.com/e2eterraformprovider/terraform-provider-e2e/e2e/autoscaling/resource_autoscaling.go:211.7,211.18 1 0
github.com/e2eterraformprovider/terraform-provider-e2e/e2e/autoscaling/resource_autoscaling.go:213.6,218.37 4 0
github.com/e2eterraformprovider/terraform-provider-e2e/e2e/autoscaling/resource_autoscaling.go:227.77,228.39 1 0
github.com/e2eterraformprovider/terraform-provider-e2e/e2e/autoscaling/resource_autoscaling.go:228.39,229.53 1 0
github.com/e2eterraformprovider/terraform-provider-e2e/e2e/autoscaling/resource_autoscaling.go:229.53,231.8 1 0
github.com/e2eterraformprovider/terraform-provider-e2e/e2e/autoscaling/resource_autoscaling.go:232.7,232.18 1 0
github.com/e2eterraformprovider/terraform-provider-e2e/e2e/autoscaling/resource_autoscaling.go:234.6,239.37 4 0
github.com/e2eterraformprovider/terraform-provider-e2e/e2e/autoscaling/resource_autoscaling.go:388.84,390.15 2 0
github.com/e2eterraformprovider/terraform-provider-e2e/e2e/autoscaling/resource_autoscaling.go:390.15,392.7 1 0
github.com/e2eterraformprovider/terraform-provider-e2e/e2e/autoscaling/resource_autoscaling.go:393.6,393.12 1 0
github.com/e2eterraformprovider/terraform-provider-e2e/e2e/autoscaling/resource_autoscaling.go:401.84,403.15 2 0
github.com/e2eterraformprovider/terraform-provider-e2e/e2e/autoscaling/resource_autoscaling.go:403.15,405.7 1 0
github.com/e2eterraformprovider/terraform-provider-e2e/e2e/autoscaling/resource_autoscaling.go:406.6,406.12 1 0
github.com/e2eterraformprovider/terraform-provider-e2e/e2e/autoscaling/resource_autoscaling.go:721.92,727.36 4 0
github.com/e2eterraformprovider/terraform-provider-e2e/e2e/autoscaling/resource_autoscaling.go:727.36,729.5 1 0
github.com/e2eterraformprovider/terraform-provider-e2e/e2e/autoscaling/resource_autoscaling.go:732.4,734.35 3 0
github.com/e2eterraformprovider/terraform-provider-e2e/e2e/autoscaling/resource_autoscaling.go:734.35,736.5 1 0
github.com/e2eterraformprovider/terraform-provider-e2e/e2e/autoscaling/resource_autoscaling.go:738.4,740.35 3 0
github.com/e2eterraformprovider/terraform-provider-e2e/e2e/autoscaling/resource_autoscaling.go:740.35,742.5 1 0
github.com/e2eterraformprovider/terraform-provider-e2e/e2e/autoscaling/resource_autoscaling.go:744.4,746.42 3 0
github.com/e2eterraformprovider/terraform-provider-e2e/e2e/autoscaling/resource_autoscaling.go:746.42,748.5 1 0
github.com/e2eterraformprovider/terraform-provider-e2e/e2e/autoscaling/resource_autoscaling.go:751.4,752.18 2 0
github.com/e2eterraformprovider/terraform-provider-e2e/e2e/autoscaling/resource_autoscaling.go:752.18,754.5 1 0
github.com/e2eterraformprovider/terraform-provider-e2e/e2e/autoscaling/resource_autoscaling.go:754.10,754.26 1 0
github.com/e2eterraformprovider/terraform-provider-e2e/e2e/autoscaling/resource_autoscaling.go:754.26,756.5 1 0
github.com/e2eterraformprovider/terraform-provider-e2e/e2e/autoscaling/resource_autoscaling.go:759.4,760.26 2 0
github.com/e2eterraformprovider/terraform-provider-e2e/e2e/autoscaling/resource_autoscaling.go:760.26,762.5 1 0
github.com/e2eterraformprovider/terraform-provider-e2e/e2e/autoscaling/resource_autoscaling.go:762.10,762.25 1 0
github.com/e2eterraformprovider/terraform-provider-e2e/e2e/autoscaling/resource_autoscaling.go:762.25,764.5 1 0
github.com/e2eterraformprovider/terraform-provider-e2e/e2e/autoscaling/resource_autoscaling.go:767.4,768.18 2 0
github.com/e2eterraformprovider/terraform-provider-e2e/e2e/autoscaling/resource_autoscaling.go:768.18,770.5 1 0
github.com/e2eterraformprovider/terraform-provider-e2e/e2e/autoscaling/resource_autoscaling.go:770.10,770.26 1 0
github.com/e2eterraformprovider/terraform-provider-e2e/e2e/autoscaling/resource_autoscaling.go:770.26,772.5 1 0
github.com/e2eterraformprovider/terraform-provider-e2e/e2e/autoscaling/resource_autoscaling.go:775.4,775.47 1 0
github.com/e2eterraformprovider/terraform-provider-e2e/e2e/autoscaling/resource_autoscaling.go:775.47,777.5 1 0
github.com/e2eterraformprovider/terraform-provider-e2e/e2e/autoscaling/resource_autoscaling.go:779.4,779.47 1 0
github.com/e2eterraformprovider/terraform-provider-e2e/e2e/autoscaling/resource_autoscaling.go:779.47,781.5 1 0
github.com/e2eterraformprovider/terraform-provider-e2e/e2e/autoscaling/resource_autoscaling.go:784.4,784.56 1 0
github.com/e2eterraformprovider/terraform-provider-e2e/e2e/autoscaling/resource_autoscaling.go:784.56,786.113 2 0
github.com/e2eterraformprovider/terraform-provider-e2e/e2e/autoscaling/resource_autoscaling.go:786.113,788.6 1 0
github.com/e2eterraformprovider/terraform-provider-e2e/e2e/autoscaling/resource_autoscaling.go:792.4,792.61 1 0
github.com/e2eterraformprovider/terraform-provider-e2e/e2e/autoscaling/resource_autoscaling.go:792.61,794.113 2 0
github.com/e2eterraformprovider/terraform-provider-e2e/e2e/autoscaling/resource_autoscaling.go:794.113,796.6 1 0
github.com/e2eterraformprovider/terraform-provider-e2e/e2e/autoscaling/resource_autoscaling.go:800.4,800.94 1 0
github.com/e2eterraformprovider/terraform-provider-e2e/e2e/autoscaling/resource_autoscaling.go:800.94,802.113 2 0
github.com/e2eterraformprovider/terraform-provider-e2e/e2e/autoscaling/resource_autoscaling.go:802.113,804.6 1 0
github.com/e2eterraformprovider/terraform-provider-e2e/e2e/autoscaling/resource_autoscaling.go:807.5,808.23 2 0
github.com/e2eterraformprovider/terraform-provider-e2e/e2e/autoscaling/resource_autoscaling.go:808.23,810.6 1 0
github.com/e2eterraformprovider/terraform-provider-e2e/e2e/autoscaling/resource_autoscaling.go:814.4,815.28 2 0
github.com/e2eterraformprovider/terraform-provider-e2e/e2e/autoscaling/resource_autoscaling.go:815.28,817.37 1 0
github.com/e2eterraformprovider/terraform-provider-e2e/e2e/autoscaling/resource_autoscaling.go:817.37,818.83 1 0
github.com/e2eterraformprovider/terraform-provider-e2e/e2e/autoscaling/resource_autoscaling.go:818.83,819.78 1 0
github.com/e2eterraformprovider/terraform-provider-e2e/e2e/autoscaling/resource_autoscaling.go:819.78,821.8 1 0
github.com/e2eterraformprovider/terraform-provider-e2e/e2e/autoscaling/resource_autoscaling.go:823.6,823.111 1 0
github.com/e2eterraformprovider/terraform-provider-e2e/e2e/autoscaling/resource_autoscaling.go:823.111,824.92 1 0
github.com/e2eterraformprovider/terraform-provider-e2e/e2e/autoscaling/resource_autoscaling.go:824.92,826.8 1 0
github.com/e2eterraformprovider/terraform-provider-e2e/e2e/autoscaling/resource_autoscaling.go:831.5,831.40 1 0
github.com/e2eterraformprovider/terraform-provider-e2e/e2e/autoscaling/resource_autoscaling.go:831.40,832.32 1 0
github.com/e2eterraformprovider/terraform-provider-e2e/e2e/autoscaling/resource_autoscaling.go:832.32,834.7 1 0
github.com/e2eterraformprovider/terraform-provider-e2e/e2e/autoscaling/resource_autoscaling.go:835.6,835.39 1 0
github.com/e2eterraformprovider/terraform-provider-e2e/e2e/autoscaling/resource_autoscaling.go:835.39,837.7 1 0
github.com/e2eterraformprovider/terraform-provider-e2e/e2e/autoscaling/resource_autoscaling.go:841.5,841.46 1 0
github.com/e2eterraformprovider/terraform-provider-e2e/e2e/autoscaling/resource_autoscaling.go:841.46,842.59 1 0
github.com/e2eterraformprovider/terraform-provider-e2e/e2e/autoscaling/resource_autoscaling.go:842.59,844.7 1 0
github.com/e2eterraformprovider/terraform-provider-e2e/e2e/autoscaling/resource_autoscaling.go:848.5,848.41 1 0
github.com/e2eterraformprovider/terraform-provider-e2e/e2e/autoscaling/resource_autoscaling.go:848.41,855.102 4 0
github.com/e2eterraformprovider/terraform-provider-e2e/e2e/autoscaling/resource_autoscaling.go:855.102,857.115 2 0
github.com/e2eterraformprovider/terraform-provider-e2e/e2e/autoscaling/resource_autoscaling.go:857.115,859.8 1 0
github.com/e2eterraformprovider/terraform-provider-e2e/e2e/autoscaling/resource_autoscaling.go:860.7,861.79 2 0
github.com/e2eterraformprovider/terraform-provider-e2e/e2e/autoscaling/resource_autoscaling.go:861.79,863.8 1 0
github.com/e2eterraformprovider/terraform-provider-e2e/e2e/autoscaling/resource_autoscaling.go:867.6,867.108 1 0
github.com/e2eterraformprovider/terraform-provider-e2e/e2e/autoscaling/resource_autoscaling.go:867.108,869.115 2 0
github.com/e2eterraformprovider/terraform-provider-e2e/e2e/autoscaling/resource_autoscaling.go:869.115,871.8 1 0
github.com/e2eterraformprovider/terraform-provider-e2e/e2e/autoscaling/resource_autoscaling.go:875.6,875.117 1 0
github.com/e2eterraformprovider/terraform-provider-e2e/e2e/autoscaling/resource_autoscaling.go:875.117,877.115 2 0
github.com/e2eterraformprovider/terraform-provider-e2e/e2e/autoscaling/resource_autoscaling.go:877.115,879.8 1 0
github.com/e2eterraformprovider/terraform-provider-e2e/e2e/autoscaling/resource_autoscaling.go:886.4,886.52 1 0
github.com/e2eterraformprovider/terraform-provider-e2e/e2e/autoscaling/resource_autoscaling.go:886.52,887.43 1 0
github.com/e2eterraformprovider/terraform-provider-e2e/e2e/autoscaling/resource_autoscaling.go:887.43,889.13 2 0
github.com/e2eterraformprovider/terraform-provider-e2e/e2e/autoscaling/resource_autoscaling.go:889.13,890.15 1 0
github.com/e2eterraformprovider/terraform-provider-e2e/e2e/autoscaling/resource_autoscaling.go:892.6,893.24 2 0
github.com/e2eterraformprovider/terraform-provider-e2e/e2e/autoscaling/resource_autoscaling.go:894.68,895.73 1 0
github.com/e2eterraformprovider/terraform-provider-e2e/e2e/autoscaling/resource_autoscaling.go:895.73,897.8 1 0
github.com/e2eterraformprovider/terraform-provider-e2e/e2e/autoscaling/resource_autoscaling.go:898.120,899.76 1 0
github.com/e2eterraformprovider/terraform-provider-e2e/e2e/autoscaling/resource_autoscaling.go:899.76,901.8 1 0
github.com/e2eterraformprovider/terraform-provider-e2e/e2e/autoscaling/resource_autoscaling.go:906.4,906.14 1 0
github.com/e2eterraformprovider/terraform-provider-e2e/e2e/autoscaling/resource_autoscaling.go:915.109,920.71 4 0
github.com/e2eterraformprovider/terraform-provider-e2e/e2e/autoscaling/resource_autoscaling.go:920.71,922.3 1 0
github.com/e2eterraformprovider/terraform-provider-e2e/e2e/autoscaling/resource_autoscaling.go:924.2,925.16 2 0
github.com/e2eterraformprovider/terraform-provider-e2e/e2e/autoscaling/resource_autoscaling.go:925.16,927.3 1 0
github.com/e2eterraformprovider/terraform-provider-e2e/e2e/autoscaling/resource_autoscaling.go:929.2,930.16 2 0
github.com/e2eterraformprovider/terraform-provider-e2e/e2e/autoscaling/resource_autoscaling.go:930.16,932.3 1 0
github.com/e2eterraformprovider/terraform-provider-e2e/e2e/autoscaling/resource_autoscaling.go:935.2,936.16 2 0
github.com/e2eterraformprovider/terraform-provider-e2e/e2e/autoscaling/resource_autoscaling.go:936.16,938.3 1 0
github.com/e2eterraformprovider/terraform-provider-e2e/e2e/autoscaling/resource_autoscaling.go:941.2,942.16 2 0
github.com/e2eterraformprovider/terraform-provider-e2e/e2e/autoscaling/resource_autoscaling.go:942.16,944.3 1 0
github.com/e2eterraformprovider/terraform-provider-e2e/e2e/autoscaling/resource_autoscaling.go:947.2,948.16 2 0
github.com/e2eterraformprovider/terraform-provider-e2e/e2e/autoscaling/resource_autoscaling.go:948.16,950.3 1 0
github.com/e2eterraformprovider/terraform-provider-e2e/e2e/autoscaling/resource_autoscaling.go:952.2,952.65 1 0
github.com/e2eterraformprovider/terraform-provider-e2e/e2e/autoscaling/resource_autoscaling.go:952.65,954.3 1 0
github.com/e2eterraformprovider/terraform-provider-e2e/e2e/autoscaling/resource_autoscaling.go:955.2,955.71 1 0
github.com/e2eterraformprovider/terraform-provider-e2e/e2e/autoscaling/resource_autoscaling.go:955.71,957.3 1 0
github.com/e2eterraformprovider/terraform-provider-e2e/e2e/autoscaling/resource_autoscaling.go:959.2,967.67 5 0
github.com/e2eterraformprovider/terraform-provider-e2e/e2e/autoscaling/resource_autoscaling.go:967.67,972.3 3 0
github.com/e2eterraformprovider/terraform-provider-e2e/e2e/autoscaling/resource_autoscaling.go:972.8,972.53 1 0
github.com/e2eterraformprovider/terraform-provider-e2e/e2e/autoscaling/resource_autoscaling.go:972.53,977.3 3 0
github.com/e2eterraformprovider/terraform-provider-e2e/e2e/autoscaling/resource_autoscaling.go:977.8,980.17 2 0
github.com/e2eterraformprovider/terraform-provider-e2e/e2e/autoscaling/resource_autoscaling.go:980.17,982.4 1 0
github.com/e2eterraformprovider/terraform-provider-e2e/e2e/autoscaling/resource_autoscaling.go:983.3,985.57 3 0
github.com/e2eterraformprovider/terraform-provider-e2e/e2e/autoscaling/resource_autoscaling.go:985.57,987.4 1 0
github.com/e2eterraformprovider/terraform-provider-e2e/e2e/autoscaling/resource_autoscaling.go:990.2,990.82 1 0
github.com/e2eterraformprovider/terraform-provider-e2e/e2e/autoscaling/resource_autoscaling.go:990.82,992.3 1 0
github.com/e2eterraformprovider/terraform-provider-e2e/e2e/autoscaling/resource_autoscaling.go:995.2,996.16 2 0
github.com/e2eterraformprovider/terraform-provider-e2e/e2e/autoscaling/resource_autoscaling.go:996.16,998.3 1 0
github.com/e2eterraformprovider/terraform-provider-e2e/e2e/autoscaling/resource_autoscaling.go:1000.2,1005.16 4 0
github.com/e2eterraformprovider/terraform-provider-e2e/e2e/autoscaling/resource_autoscaling.go:1005.16,1007.3 1 0
github.com/e2eterraformprovider/terraform-provider-e2e/e2e/autoscaling/resource_autoscaling.go:1009.2,1012.61 3 0
github.com/e2eterraformprovider/terraform-provider-e2e/e2e/autoscaling/resource_autoscaling.go:1015.107,1021.16 4 0
github.com/e2eterraformprovider/terraform-provider-e2e/e2e/autoscaling/resource_autoscaling.go:1021.16,1023.3 1 0
github.com/e2eterraformprovider/terraform-provider-e2e/e2e/autoscaling/resource_autoscaling.go:1025.2,1026.16 2 0
github.com/e2eterraformprovider/terraform-provider-e2e/e2e/autoscaling/resource_autoscaling.go:1026.16,1028.3 1 0
github.com/e2eterraformprovider/terraform-provider-e2e/e2e/autoscaling/resource_autoscaling.go:1031.2,1032.16 2 0
github.com/e2eterraformprovider/terraform-provider-e2e/e2e/autoscaling/resource_autoscaling.go:1032.16,1034.3 1 0
github.com/e2eterraformprovider/terraform-provider-e2e/e2e/autoscaling/resource_autoscaling.go:1036.2,1040.16 3 0
github.com/e2eterraformprovider/terraform-provider-e2e/e2e/autoscaling/resource_autoscaling.go:1040.16,1042.3 1 0
github.com/e2eterraformprovider/terraform-provider-e2e/e2e/autoscaling/resource_autoscaling.go:1044.2,1044.18 1 0
github.com/e2eterraformprovider/terraform-provider-e2e/e2e/autoscaling/resource_autoscaling.go:1044.18,1047.3 2 0
github.com/e2eterraformprovider/terraform-provider-e2e/e2e/autoscaling/resource_autoscaling.go:1049.2,1054.43 3 0
github.com/e2eterraformprovider/terraform-provider-e2e/e2e/autoscaling/resource_autoscaling.go:1054.43,1056.59 2 0
github.com/e2eterraformprovider/terraform-provider-e2e/e2e/autoscaling/resource_autoscaling.go:1056.59,1058.65 2 0
github.com/e2eterraformprovider/terraform-provider-e2e/e2e/autoscaling/resource_autoscaling.go:1058.65,1060.5 1 0
github.com/e2eterraformprovider/terraform-provider-e2e/e2e/autoscaling/resource_autoscaling.go:1063.2,1063.35 1 0
github.com/e2eterraformprovider/terraform-provider-e2e/e2e/autoscaling/resource_autoscaling.go:1063.35,1064.56 1 0
github.com/e2eterraformprovider/terraform-provider-e2e/e2e/autoscaling/resource_autoscaling.go:1064.56,1066.4 1 0
github.com/e2eterraformprovider/terraform-provider-e2e/e2e/autoscaling/resource_autoscaling.go:1070.2,1070.50 1 0
github.com/e2eterraformprovider/terraform-provider-e2e/e2e/autoscaling/resource_autoscaling.go:1070.50,1072.3 1 0
github.com/e2eterraformprovider/terraform-provider-e2e/e2e/autoscaling/resource_autoscaling.go:1073.2,1073.68 1 0
github.com/e2eterraformprovider/terraform-provider-e2e/e2e/autoscaling/resource_autoscaling.go:1073.68,1075.3 1 0
github.com/e2eterraformprovider/terraform-provider-e2e/e2e/autoscaling/resource_autoscaling.go:1076.2,1076.69 1 0
github.com/e2eterraformprovider/terraform-provider-e2e/e2e/autoscaling/resource_autoscaling.go:1076.69,1078.3 1 0
github.com/e2eterraformprovider/terraform-provider-e2e/e2e/autoscaling/resource_autoscaling.go:1079.2,1079.68 1 0
github.com/e2eterraformprovider/terraform-provider-e2e/e2e/autoscaling/resource_autoscaling.go:1079.68,1081.3 1 0
github.com/e2eterraformprovider/terraform-provider-e2e/e2e/autoscaling/resource_autoscaling.go:1082.2,1082.63 1 0
github.com/e2eterraformprovider/terraform-provider-e2e/e2e/autoscaling/resource_autoscaling.go:1082.63,1084.3 1 0
github.com/e2eterraformprovider/terraform-provider-e2e/e2e/autoscaling/resource_autoscaling.go:1085.2,1085.74 1 0
github.com/e2eterraformprovider/terraform-provider-e2e/e2e/autoscaling/resource_autoscaling.go:1085.74,1087.3 1 0
github.com/e2eterraformprovider/terraform-provider-e2e/e2e/autoscaling/resource_autoscaling.go:1090.2,1090.70 1 0
github.com/e2eterraformprovider/terraform-provider-e2e/e2e/autoscaling/resource_autoscaling.go:1090.70,1092.3 1 0
github.com/e2eterraformprovider/terraform-provider-e2e/e2e/autoscaling/resource_autoscaling.go:1093.2,1093.65 1 0
github.com/e2eterraformprovider/terraform-provider-e2e/e2e/autoscaling/resource_autoscaling.go:1093.65,1095.3 1 0
github.com/e2eterraformprovider/terraform-provider-e2e/e2e/autoscaling/resource_autoscaling.go:1096.2,1096.72 1 0
github.com/e2eterraformprovider/terraform-provider-e2e/e2e/autoscaling/resource_autoscaling.go:1096.72,1098.3 1 0
github.com/e2eterraformprovider/terraform-provider-e2e/e2e/autoscaling/resource_autoscaling.go:1099.2,1099.58 1 0
github.com/e2eterraformprovider/terraform-provider-e2e/e2e/autoscaling/resource_autoscaling.go:1099.58,1101.3 1 0
github.com/e2eterraformprovider/terraform-provider-e2e/e2e/autoscaling/resource_autoscaling.go:1102.2,1102.72 1 0
github.com/e2eterraformprovider/terraform-provider-e2e/e2e/autoscaling/resource_autoscaling.go:1102.72,1104.3 1 0
github.com/e2eterraformprovider/terraform-provider-e2e/e2e/autoscaling/resource_autoscaling.go:1105.2,1105.58 1 0
github.com/e2eterraformprovider/terraform-provider-e2e/e2e/autoscaling/resource_autoscaling.go:1105.58,1107.3 1 0
github.com/e2eterraformprovider/terraform-provider-e2e/e2e/autoscaling/resource_autoscaling.go:1110.2,1110.56 1 0
github.com/e2eterraformprovider/terraform-provider-e2e/e2e/autoscaling/resource_autoscaling.go:1110.56,1112.3 1 0
github.com/e2eterraformprovider/terraform-provider-e2e/e2e/autoscaling/resource_autoscaling.go:1113.2,1113.67 1 0
github.com/e2eterraformprovider/terraform-provider-e2e/e2e/autoscaling/resource_autoscaling.go:1113.67,1115.3 1 0
github.com/e2eterraformprovider/terraform-provider-e2e/e2e/autoscaling/resource_autoscaling.go:1118.2,1119.68 2 0
github.com/e2eterraformprovider/terraform-provider-e2e/e2e/autoscaling/resource_autoscaling.go:1119.68,1121.3 1 0
github.com/e2eterraformprovider/terraform-provider-e2e/e2e/autoscaling/resource_autoscaling.go:1123.2,1124.50 2 0
github.com/e2eterraformprovider/terraform-provider-e2e/e2e/autoscaling/resource_autoscaling.go:1124.50,1126.3 1 0
github.com/e2eterraformprovider/terraform-provider-e2e/e2e/autoscaling/resource_autoscaling.go:1129.2,1131.16 3 0
github.com/e2eterraformprovider/terraform-provider-e2e/e2e/autoscaling/resource_autoscaling.go:1131.16,1133.3 1 0
github.com/e2eterraformprovider/terraform-provider-e2e/e2e/autoscaling/resource_autoscaling.go:1133.8,1135.36 1 0
github.com/e2eterraformprovider/terraform-provider-e2e/e2e/autoscaling/resource_autoscaling.go:1135.36,1137.4 1 0
github.com/e2eterraformprovider/terraform-provider-e2e/e2e/autoscaling/resource_autoscaling.go:1139.3,1140.17 2 0
github.com/e2eterraformprovider/terraform-provider-e2e/e2e/autoscaling/resource_autoscaling.go:1140.17,1142.4 1 0
github.com/e2eterraformprovider/terraform-provider-e2e/e2e/autoscaling/resource_autoscaling.go:1142.9,1144.52 1 0
github.com/e2eterraformprovider/terraform-provider-e2e/e2e/autoscaling/resource_autoscaling.go:1144.52,1146.5 1 0
github.com/e2eterraformprovider/terraform-provider-e2e/e2e/autoscaling/resource_autoscaling.go:1147.4,1147.59 1 0
github.com/e2eterraformprovider/terraform-provider-e2e/e2e/autoscaling/resource_autoscaling.go:1147.59,1149.5 1 0
github.com/e2eterraformprovider/terraform-provider-e2e/e2e/autoscaling/resource_autoscaling.go:1154.2,1154.75 1 0
github.com/e2eterraformprovider/terraform-provider-e2e/e2e/autoscaling/resource_autoscaling.go:1154.75,1156.17 2 0
github.com/e2eterraformprovider/terraform-provider-e2e/e2e/autoscaling/resource_autoscaling.go:1156.17,1158.4 1 0
github.com/e2eterraformprovider/terraform-provider-e2e/e2e/autoscaling/resource_autoscaling.go:1158.9,1160.4 1 0
github.com/e2eterraformprovider/terraform-provider-e2e/e2e/autoscaling/resource_autoscaling.go:1164.2,1166.16 3 0
github.com/e2eterraformprovider/terraform-provider-e2e/e2e/autoscaling/resource_autoscaling.go:1166.16,1169.47 2 0
github.com/e2eterraformprovider/terraform-provider-e2e/e2e/autoscaling/resource_autoscaling.go:1169.47,1171.4 1 0
github.com/e2eterraformprovider/terraform-provider-e2e/e2e/autoscaling/resource_autoscaling.go:1171.9,1171.68 1 0
github.com/e2eterraformprovider/terraform-provider-e2e/e2e/autoscaling/resource_autoscaling.go:1171.68,1173.4 1 0
github.com/e2eterraformprovider/terraform-provider-e2e/e2e/autoscaling/resource_autoscaling.go:1174.8,1177.94 2 0
github.com/e2eterraformprovider/terraform-provider-e2e/e2e/autoscaling/resource_autoscaling.go:1177.94,1179.4 1 0
github.com/e2eterraformprovider/terraform-provider-e2e/e2e/autoscaling/resource_autoscaling.go:1180.3,1180.80 1 0
github.com/e2eterraformprovider/terraform-provider-e2e/e2e/autoscaling/resource_autoscaling.go:1180.80,1182.4 1 0
github.com/e2eterraformprovider/terraform-provider-e2e/e2e/autoscaling/resource_autoscaling.go:1186.2,1187.67 2 0
github.com/e2eterraformprovider/terraform-provider-e2e/e2e/autoscaling/resource_autoscaling.go:1187.67,1190.31 3 0
github.com/e2eterraformprovider/terraform-provider-e2e/e2e/autoscaling/resource_autoscaling.go:1190.31,1192.4 1 0
github.com/e2eterraformprovider/terraform-provider-e2e/e2e/autoscaling/resource_autoscaling.go:1196.2,1196.53 1 0
github.com/e2eterraformprovider/terraform-provider-e2e/e2e/autoscaling/resource_autoscaling.go:1196.53,1198.3 1 0
github.com/e2eterraformprovider/terraform-provider-e2e/e2e/autoscaling/resource_autoscaling.go:1201.2,1202.52 2 0
github.com/e2eterraformprovider/terraform-provider-e2e/e2e/autoscaling/resource_autoscaling.go:1202.52,1204.3 1 0
github.com/e2eterraformprovider/terraform-provider-e2e/e2e/autoscaling/resource_autoscaling.go:1205.2,1205.60 1 0
github.com/e2eterraformprovider/terraform-provider-e2e/e2e/autoscaling/resource_autoscaling.go:1205.60,1207.3 1 0
github.com/e2eterraformprovider/terraform-provider-e2e/e2e/autoscaling/resource_autoscaling.go:1210.2,1211.63 2 0
github.com/e2eterraformprovider/terraform-provider-e2e/e2e/autoscaling/resource_autoscaling.go:1211.63,1213.3 1 0
github.com/e2eterraformprovider/terraform-provider-e2e/e2e/autoscaling/resource_autoscaling.go:1214.2,1214.64 1 0
github.com/e2eterraformprovider/terraform-provider-e2e/e2e/autoscaling/resource_autoscaling.go:1214.64,1216.3 1 0
github.com/e2eterraformprovider/terraform-provider-e2e/e2e/autoscaling/resource_autoscaling.go:1219.2,1220.28 2 0
github.com/e2eterraformprovider/terraform-provider-e2e/e2e/autoscaling/resource_autoscaling.go:1220.28,1221.64 1 0
github.com/e2eterraformprovider/terraform-provider-e2e/e2e/autoscaling/resource_autoscaling.go:1221.64,1223.4 1 0
github.com/e2eterraformprovider/terraform-provider-e2e/e2e/autoscaling/resource_autoscaling.go:1226.2,1227.12 2 0
github.com/e2eterraformprovider/terraform-provider-e2e/e2e/autoscaling/resource_autoscaling.go:1230.109,1236.16 4 0
github.com/e2eterraformprovider/terraform-provider-e2e/e2e/autoscaling/resource_autoscaling.go:1236.16,1238.3 1 0
github.com/e2eterraformprovider/terraform-provider-e2e/e2e/autoscaling/resource_autoscaling.go:1240.2,1241.16 2 0
github.com/e2eterraformprovider/terraform-provider-e2e/e2e/autoscaling/resource_autoscaling.go:1241.16,1243.3 1 0
github.com/e2eterraformprovider/terraform-provider-e2e/e2e/autoscaling/resource_autoscaling.go:1246.2,1247.16 2 0
github.com/e2eterraformprovider/terraform-provider-e2e/e2e/autoscaling/resource_autoscaling.go:1247.16,1249.3 1 0
github.com/e2eterraformprovider/terraform-provider-e2e/e2e/autoscaling/resource_autoscaling.go:1251.2,1255.16 3 0
github.com/e2eterraformprovider/terraform-provider-e2e/e2e/autoscaling/resource_autoscaling.go:1255.16,1257.3 1 0
github.com/e2eterraformprovider/terraform-provider-e2e/e2e/autoscaling/resource_autoscaling.go:1259.2,1261.12 3 0
github.com/e2eterraformprovider/terraform-provider-e2e/e2e/autoscaling/resource_autoscaling.go:1266.263,1272.16 4 0
github.com/e2eterraformprovider/terraform-provider-e2e/e2e/autoscaling/resource_autoscaling.go:1272.16,1274.3 1 0
github.com/e2eterraformprovider/terraform-provider-e2e/e2e/autoscaling/resource_autoscaling.go:1277.2,1287.26 7 0
github.com/e2eterraformprovider/terraform-provider-e2e/e2e/autoscaling/resource_autoscaling.go:1287.26,1289.3 1 0
github.com/e2eterraformprovider/terraform-provider-e2e/e2e/autoscaling/resource_autoscaling.go:1289.8,1291.3 1 0
github.com/e2eterraformprovider/terraform-provider-e2e/e2e/autoscaling/resource_autoscaling.go:1294.2,1301.61 4 0
github.com/e2eterraformprovider/terraform-provider-e2e/e2e/autoscaling/resource_autoscaling.go:1301.61,1303.50 1 0
github.com/e2eterraformprovider/terraform-provider-e2e/e2e/autoscaling/resource_autoscaling.go:1303.50,1305.18 2 0
github.com/e2eterraformprovider/terraform-provider-e2e/e2e/autoscaling/resource_autoscaling.go:1305.18,1307.5 1 0
github.com/e2eterraformprovider/terraform-provider-e2e/e2e/autoscaling/resource_autoscaling.go:1308.4,1313.6 1 0
github.com/e2eterraformprovider/terraform-provider-e2e/e2e/autoscaling/resource_autoscaling.go:1315.8,1318.17 2 0
github.com/e2eterraformprovider/terraform-provider-e2e/e2e/autoscaling/resource_autoscaling.go:1318.17,1320.4 1 0
github.com/e2eterraformprovider/terraform-provider-e2e/e2e/autoscaling/resource_autoscaling.go:1323.2,1324.50 2 0
github.com/e2eterraformprovider/terraform-provider-e2e/e2e/autoscaling/resource_autoscaling.go:1324.50,1326.3 1 0
github.com/e2eterraformprovider/terraform-provider-e2e/e2e/autoscaling/resource_autoscaling.go:1328.2,1348.8 1 0
github.com/e2eterraformprovider/terraform-provider-e2e/e2e/autoscaling/resource_autoscaling.go:1351.109,1354.71 3 0
github.com/e2eterraformprovider/terraform-provider-e2e/e2e/autoscaling/resource_autoscaling.go:1354.71,1356.3 1 0
github.com/e2eterraformprovider/terraform-provider-e2e/e2e/autoscaling/resource_autoscaling.go:1358.2,1359.16 2 0
github.com/e2eterraformprovider/terraform-provider-e2e/e2e/autoscaling/resource_autoscaling.go:1359.16,1361.3 1 0
github.com/e2eterraformprovider/terraform-provider-e2e/e2e/autoscaling/resource_autoscaling.go:1363.2,1364.16 2 0
github.com/e2eterraformprovider/terraform-provider-e2e/e2e/autoscaling/resource_autoscaling.go:1364.16,1366.3 1 0
github.com/e2eterraformprovider/terraform-provider-e2e/e2e/autoscaling/resource_autoscaling.go:1369.2,1370.16 2 0
github.com/e2eterraformprovider/terraform-provider-e2e/e2e/autoscaling/resource_autoscaling.go:1370.16,1372.3 1 0
github.com/e2eterraformprovider/terraform-provider-e2e/e2e/autoscaling/resource_autoscaling.go:1374.2,1377.62 2 0
github.com/e2eterraformprovider/terraform-provider-e2e/e2e/autoscaling/resource_autoscaling.go:1377.62,1379.28 2 0
github.com/e2eterraformprovider/terraform-provider-e2e/e2e/autoscaling/resource_autoscaling.go:1379.28,1382.76 2 0
github.com/e2eterraformprovider/terraform-provider-e2e/e2e/autoscaling/resource_autoscaling.go:1382.76,1384.5 1 0
github.com/e2eterraformprovider/terraform-provider-e2e/e2e/autoscaling/resource_autoscaling.go:1384.10,1384.83 1 0
github.com/e2eterraformprovider/terraform-provider-e2e/e2e/autoscaling/resource_autoscaling.go:1384.83,1386.5 1 0
github.com/e2eterraformprovider/terraform-provider-e2e/e2e/autoscaling/resource_autoscaling.go:1387.9,1389.4 1 0
github.com/e2eterraformprovider/terraform-provider-e2e/e2e/autoscaling/resource_autoscaling.go:1391.3,1395.17 4 0
github.com/e2eterraformprovider/terraform-provider-e2e/e2e/autoscaling/resource_autoscaling.go:1395.17,1397.4 1 0
github.com/e2eterraformprovider/terraform-provider-e2e/e2e/autoscaling/resource_autoscaling.go:1399.3,1399.62 1 0
github.com/e2eterraformprovider/terraform-provider-e2e/e2e/autoscaling/resource_autoscaling.go:1403.2,1407.46 4 0
github.com/e2eterraformprovider/terraform-provider-e2e/e2e/autoscaling/resource_autoscaling.go:1407.46,1409.3 1 0
github.com/e2eterraformprovider/terraform-provider-e2e/e2e/autoscaling/resource_autoscaling.go:1412.2,1419.42 3 0
github.com/e2eterraformprovider/terraform-provider-e2e/e2e/autoscaling/resource_autoscaling.go:1419.42,1422.17 3 0
github.com/e2eterraformprovider/terraform-provider-e2e/e2e/autoscaling/resource_autoscaling.go:1422.17,1424.4 1 0
github.com/e2eterraformprovider/terraform-provider-e2e/e2e/autoscaling/resource_autoscaling.go:1425.3,1425.62 1 0
github.com/e2eterraformprovider/terraform-provider-e2e/e2e/autoscaling/resource_autoscaling.go:1429.2,1429.35 1 0
github.com/e2eterraformprovider/terraform-provider-e2e/e2e/autoscaling/resource_autoscaling.go:1429.35,1435.99 4 0
github.com/e2eterraformprovider/terraform-provider-e2e/e2e/autoscaling/resource_autoscaling.go:1435.99,1437.24 2 0
github.com/e2eterraformprovider/terraform-provider-e2e/e2e/autoscaling/resource_autoscaling.go:1437.24,1439.5 1 0
github.com/e2eterraformprovider/terraform-provider-e2e/e2e/autoscaling/resource_autoscaling.go:1439.10,1442.5 1 0
github.com/e2eterraformprovider/terraform-provider-e2e/e2e/autoscaling/resource_autoscaling.go:1444.4,1447.18 3 0
github.com/e2eterraformprovider/terraform-provider-e2e/e2e/autoscaling/resource_autoscaling.go:1447.18,1449.5 1 0
github.com/e2eterraformprovider/terraform-provider-e2e/e2e/autoscaling/resource_autoscaling.go:1450.4,1450.20 1 0
github.com/e2eterraformprovider/terraform-provider-e2e/e2e/autoscaling/resource_autoscaling.go:1450.20,1452.5 1 0
github.com/e2eterraformprovider/terraform-provider-e2e/e2e/autoscaling/resource_autoscaling.go:1453.4,1454.106 2 0
github.com/e2eterraformprovider/terraform-provider-e2e/e2e/autoscaling/resource_autoscaling.go:1454.106,1456.5 1 0
github.com/e2eterraformprovider/terraform-provider-e2e/e2e/autoscaling/resource_autoscaling.go:1459.4,1460.11 2 0
github.com/e2eterraformprovider/terraform-provider-e2e/e2e/autoscaling/resource_autoscaling.go:1460.11,1462.5 1 0
github.com/e2eterraformprovider/terraform-provider-e2e/e2e/autoscaling/resource_autoscaling.go:1463.4,1463.48 1 0
github.com/e2eterraformprovider/terraform-provider-e2e/e2e/autoscaling/resource_autoscaling.go:1463.48,1465.5 1 0
github.com/e2eterraformprovider/terraform-provider-e2e/e2e/autoscaling/resource_autoscaling.go:1467.4,1467.14 1 0
github.com/e2eterraformprovider/terraform-provider-e2e/e2e/autoscaling/resource_autoscaling.go:1467.14,1470.19 3 0
github.com/e2eterraformprovider/terraform-provider-e2e/e2e/autoscaling/resource_autoscaling.go:1470.19,1472.6 1 0
github.com/e2eterraformprovider/terraform-provider-e2e/e2e/autoscaling/resource_autoscaling.go:1473.10,1476.19 3 0
github.com/e2eterraformprovider/terraform-provider-e2e/e2e/autoscaling/resource_autoscaling.go:1476.19,1478.6 1 0
github.com/e2eterraformprovider/terraform-provider-e2e/e2e/autoscaling/resource_autoscaling.go:1483.3,1483.105 1 0
github.com/e2eterraformprovider/terraform-provider-e2e/e2e/autoscaling/resource_autoscaling.go:1483.105,1485.24 2 0
github.com/e2eterraformprovider/terraform-provider-e2e/e2e/autoscaling/resource_autoscaling.go:1485.24,1487.5 1 0
github.com/e2eterraformprovider/terraform-provider-e2e/e2e/autoscaling/resource_autoscaling.go:1487.10,1489.43 1 0
github.com/e2eterraformprovider/terraform-provider-e2e/e2e/autoscaling/resource_autoscaling.go:1489.43,1490.45 1 0
github.com/e2eterraformprovider/terraform-provider-e2e/e2e/autoscaling/resource_autoscaling.go:1490.45,1493.7 2 0
github.com/e2eterraformprovider/terraform-provider-e2e/e2e/autoscaling/resource_autoscaling.go:1494.11,1494.43 1 0
github.com/e2eterraformprovider/terraform-provider-e2e/e2e/autoscaling/resource_autoscaling.go:1494.43,1495.45 1 0
github.com/e2eterraformprovider/terraform-provider-e2e/e2e/autoscaling/resource_autoscaling.go:1495.45,1498.7 2 0
github.com/e2eterraformprovider/terraform-provider-e2e/e2e/autoscaling/resource_autoscaling.go:1502.4,1503.18 2 0
github.com/e2eterraformprovider/terraform-provider-e2e/e2e/autoscaling/resource_autoscaling.go:1503.18,1505.5 1 0
github.com/e2eterraformprovider/terraform-provider-e2e/e2e/autoscaling/resource_autoscaling.go:1506.4,1506.20 1 0
github.com/e2eterraformprovider/terraform-provider-e2e/e2e/autoscaling/resource_autoscaling.go:1506.20,1508.5 1 0
github.com/e2eterraformprovider/terraform-provider-e2e/e2e/autoscaling/resource_autoscaling.go:1509.4,1510.106 2 0
github.com/e2eterraformprovider/terraform-provider-e2e/e2e/autoscaling/resource_autoscaling.go:1510.106,1512.5 1 0
github.com/e2eterraformprovider/terraform-provider-e2e/e2e/autoscaling/resource_autoscaling.go:1515.4,1516.24 2 0
github.com/e2eterraformprovider/terraform-provider-e2e/e2e/autoscaling/resource_autoscaling.go:1516.24,1518.5 1 0
github.com/e2eterraformprovider/terraform-provider-e2e/e2e/autoscaling/resource_autoscaling.go:1518.10,1520.30 2 0
github.com/e2eterraformprovider/terraform-provider-e2e/e2e/autoscaling/resource_autoscaling.go:1520.30,1522.6 1 0
github.com/e2eterraformprovider/terraform-provider-e2e/e2e/autoscaling/resource_autoscaling.go:1525.4,1529.37 3 0
github.com/e2eterraformprovider/terraform-provider-e2e/e2e/autoscaling/resource_autoscaling.go:1529.37,1531.19 2 0
github.com/e2eterraformprovider/terraform-provider-e2e/e2e/autoscaling/resource_autoscaling.go:1531.19,1533.6 1 0
github.com/e2eterraformprovider/terraform-provider-e2e/e2e/autoscaling/resource_autoscaling.go:1535.5,1546.19 4 0
github.com/e2eterraformprovider/terraform-provider-e2e/e2e/autoscaling/resource_autoscaling.go:1546.19,1548.6 1 0
github.com/e2eterraformprovider/terraform-provider-e2e/e2e/autoscaling/resource_autoscaling.go:1552.4,1552.37 1 0
github.com/e2eterraformprovider/terraform-provider-e2e/e2e/autoscaling/resource_autoscaling.go:1552.37,1554.19 2 0
github.com/e2eterraformprovider/terraform-provider-e2e/e2e/autoscaling/resource_autoscaling.go:1554.19,1556.6 1 0
github.com/e2eterraformprovider/terraform-provider-e2e/e2e/autoscaling/resource_autoscaling.go:1557.5,1559.19 3 0
github.com/e2eterraformprovider/terraform-provider-e2e/e2e/autoscaling/resource_autoscaling.go:1559.19,1561.6 1 0
github.com/e2eterraformprovider/terraform-provider-e2e/e2e/autoscaling/resource_autoscaling.go:1566.3,1566.114 1 0
github.com/e2eterraformprovider/terraform-provider-e2e/e2e/autoscaling/resource_autoscaling.go:1566.114,1568.24 2 0
github.com/e2eterraformprovider/terraform-provider-e2e/e2e/autoscaling/resource_autoscaling.go:1568.24,1570.5 1 0
github.com/e2eterraformprovider/terraform-provider-e2e/e2e/autoscaling/resource_autoscaling.go:1570.10,1572.63 1 0
github.com/e2eterraformprovider/terraform-provider-e2e/e2e/autoscaling/resource_autoscaling.go:1572.63,1575.34 3 0
github.com/e2eterraformprovider/terraform-provider-e2e/e2e/autoscaling/resource_autoscaling.go:1575.34,1577.7 1 0
github.com/e2eterraformprovider/terraform-provider-e2e/e2e/autoscaling/resource_autoscaling.go:1581.4,1582.18 2 0
github.com/e2eterraformprovider/terraform-provider-e2e/e2e/autoscaling/resource_autoscaling.go:1582.18,1584.5 1 0
github.com/e2eterraformprovider/terraform-provider-e2e/e2e/autoscaling/resource_autoscaling.go:1585.4,1585.20 1 0
github.com/e2eterraformprovider/terraform-provider-e2e/e2e/autoscaling/resource_autoscaling.go:1585.20,1587.5 1 0
github.com/e2eterraformprovider/terraform-provider-e2e/e2e/autoscaling/resource_autoscaling.go:1588.4,1589.106 2 0
github.com/e2eterraformprovider/terraform-provider-e2e/e2e/autoscaling/resource_autoscaling.go:1589.106,1591.5 1 0
github.com/e2eterraformprovider/terraform-provider-e2e/e2e/autoscaling/resource_autoscaling.go:1593.4,1593.26 1 0
github.com/e2eterraformprovider/terraform-provider-e2e/e2e/autoscaling/resource_autoscaling.go:1593.26,1595.5 1 0
github.com/e2eterraformprovider/terraform-provider-e2e/e2e/autoscaling/resource_autoscaling.go:1598.4,1599.24 2 0
github.com/e2eterraformprovider/terraform-provider-e2e/e2e/autoscaling/resource_autoscaling.go:1599.24,1601.5 1 0
github.com/e2eterraformprovider/terraform-provider-e2e/e2e/autoscaling/resource_autoscaling.go:1601.10,1605.5 3 0
github.com/e2eterraformprovider/terraform-provider-e2e/e2e/autoscaling/resource_autoscaling.go:1607.4,1613.37 5 0
github.com/e2eterraformprovider/terraform-provider-e2e/e2e/autoscaling/resource_autoscaling.go:1613.37,1617.19 4 0
github.com/e2eterraformprovider/terraform-provider-e2e/e2e/autoscaling/resource_autoscaling.go:1617.19,1619.6 1 0
github.com/e2eterraformprovider/terraform-provider-e2e/e2e/autoscaling/resource_autoscaling.go:1622.4,1622.37 1 0
github.com/e2eterraformprovider/terraform-provider-e2e/e2e/autoscaling/resource_autoscaling.go:1622.37,1626.19 4 0
github.com/e2eterraformprovider/terraform-provider-e2e/e2e/autoscaling/resource_autoscaling.go:1626.19,1628.6 1 0
github.com/e2eterraformprovider/terraform-provider-e2e/e2e/autoscaling/resource_autoscaling.go:1634.2,1634.85 1 0
github.com/e2eterraformprovider/terraform-provider-e2e/e2e/autoscaling/resource_autoscaling.go:1634.85,1638.17 3 0
github.com/e2eterraformprovider/terraform-provider-e2e/e2e/autoscaling/resource_autoscaling.go:1638.17,1640.4 1 0
github.com/e2eterraformprovider/terraform-provider-e2e/e2e/autoscaling/resource_autoscaling.go:1641.3,1641.19 1 0
github.com/e2eterraformprovider/terraform-provider-e2e/e2e/autoscaling/resource_autoscaling.go:1641.19,1643.4 1 0
github.com/e2eterraformprovider/terraform-provider-e2e/e2e/autoscaling/resource_autoscaling.go:1644.3,1645.105 2 0
github.com/e2eterraformprovider/terraform-provider-e2e/e2e/autoscaling/resource_autoscaling.go:1645.105,1647.4 1 0
github.com/e2eterraformprovider/terraform-provider-e2e/e2e/autoscaling/resource_autoscaling.go:1649.3,1653.24 4 0
github.com/e2eterraformprovider/terraform-provider-e2e/e2e/autoscaling/resource_autoscaling.go:1653.24,1655.4 1 0
github.com/e2eterraformprovider/terraform-provider-e2e/e2e/autoscaling/resource_autoscaling.go:1657.3,1663.36 5 0
github.com/e2eterraformprovider/terraform-provider-e2e/e2e/autoscaling/resource_autoscaling.go:1663.36,1667.18 4 0
github.com/e2eterraformprovider/terraform-provider-e2e/e2e/autoscaling/resource_autoscaling.go:1667.18,1669.5 1 0
github.com/e2eterraformprovider/terraform-provider-e2e/e2e/autoscaling/resource_autoscaling.go:1672.3,1672.36 1 0
github.com/e2eterraformprovider/terraform-provider-e2e/e2e/autoscaling/resource_autoscaling.go:1672.36,1676.18 4 0
github.com/e2eterraformprovider/terraform-provider-e2e/e2e/autoscaling/resource_autoscaling.go:1676.18,1678.5 1 0
github.com/e2eterraformprovider/terraform-provider-e2e/e2e/autoscaling/resource_autoscaling.go:1683.2,1683.89 1 0
github.com/e2eterraformprovider/terraform-provider-e2e/e2e/autoscaling/resource_autoscaling.go:1683.89,1685.17 2 0
github.com/e2eterraformprovider/terraform-provider-e2e/e2e/autoscaling/resource_autoscaling.go:1685.17,1687.4 1 0
github.com/e2eterraformprovider/terraform-provider-e2e/e2e/autoscaling/resource_autoscaling.go:1688.3,1688.19 1 0
github.com/e2eterraformprovider/terraform-provider-e2e/e2e/autoscaling/resource_autoscaling.go:1688.19,1690.4 1 0
github.com/e2eterraformprovider/terraform-provider-e2e/e2e/autoscaling/resource_autoscaling.go:1691.3,1692.105 2 0
github.com/e2eterraformprovider/terraform-provider-e2e/e2e/autoscaling/resource_autoscaling.go:1692.105,1694.4 1 0
github.com/e2eterraformprovider/terraform-provider-e2e/e2e/autoscaling/resource_autoscaling.go:1697.3,1698.25 2 0
github.com/e2eterraformprovider/terraform-provider-e2e/e2e/autoscaling/resource_autoscaling.go:1698.25,1700.4 1 0
github.com/e2eterraformprovider/terraform-provider-e2e/e2e/autoscaling/resource_autoscaling.go:1700.9,1702.4 1 0
github.com/e2eterraformprovider/terraform-provider-e2e/e2e/autoscaling/resource_autoscaling.go:1704.3,1711.36 5 0
github.com/e2eterraformprovider/terraform-provider-e2e/e2e/autoscaling/resource_autoscaling.go:1711.36,1714.18 2 0
github.com/e2eterraformprovider/terraform-provider-e2e/e2e/autoscaling/resource_autoscaling.go:1714.18,1716.5 1 0
github.com/e2eterraformprovider/terraform-provider-e2e/e2e/autoscaling/resource_autoscaling.go:1719.4,1730.18 4 0
github.com/e2eterraformprovider/terraform-provider-e2e/e2e/autoscaling/resource_autoscaling.go:1730.18,1732.5 1 0
github.com/e2eterraformprovider/terraform-provider-e2e/e2e/autoscaling/resource_autoscaling.go:1736.3,1736.36 1 0
github.com/e2eterraformprovider/terraform-provider-e2e/e2e/autoscaling/resource_autoscaling.go:1736.36,1739.18 2 0
github.com/e2eterraformprovider/terraform-provider-e2e/e2e/autoscaling/resource_autoscaling.go:1739.18,1741.5 1 0
github.com/e2eterraformprovider/terraform-provider-e2e/e2e/autoscaling/resource_autoscaling.go:1742.4,1744.18 3 0
github.com/e2eterraformprovider/terraform-provider-e2e/e2e/autoscaling/resource_autoscaling.go:1744.18,1746.5 1 0
github.com/e2eterraformprovider/terraform-provider-e2e/e2e/autoscaling/resource_autoscaling.go:1750.3,1753.36 3 0
github.com/e2eterraformprovider/terraform-provider-e2e/e2e/autoscaling/resource_autoscaling.go:1753.36,1755.18 2 0
github.com/e2eterraformprovider/terraform-provider-e2e/e2e/autoscaling/resource_autoscaling.go:1755.18,1757.5 1 0
github.com/e2eterraformprovider/terraform-provider-e2e/e2e/autoscaling/resource_autoscaling.go:1759.4,1760.41 2 0
github.com/e2eterraformprovider/terraform-provider-e2e/e2e/autoscaling/resource_autoscaling.go:1760.41,1768.5 1 0
github.com/e2eterraformprovider/terraform-provider-e2e/e2e/autoscaling/resource_autoscaling.go:1770.4,1776.6 1 0
github.com/e2eterraformprovider/terraform-provider-e2e/e2e/autoscaling/resource_autoscaling.go:1780.3,1780.52 1 0
github.com/e2eterraformprovider/terraform-provider-e2e/e2e/autoscaling/resource_autoscaling.go:1780.52,1782.4 1 0
github.com/e2eterraformprovider/terraform-provider-e2e/e2e/autoscaling/resource_autoscaling.go:1783.3,1783.59 1 0
github.com/e2eterraformprovider/terraform-provider-e2e/e2e/autoscaling/resource_autoscaling.go:1783.59,1785.4 1 0
github.com/e2eterraformprovider/terraform-provider-e2e/e2e/autoscaling/resource_autoscaling.go:1789.2,1789.122 1 0
github.com/e2eterraformprovider/terraform-provider-e2e/e2e/autoscaling/resource_autoscaling.go:1789.122,1791.38 2 0
github.com/e2eterraformprovider/terraform-provider-e2e/e2e/autoscaling/resource_autoscaling.go:1791.38,1793.4 1 0
github.com/e2eterraformprovider/terraform-provider-e2e/e2e/autoscaling/resource_autoscaling.go:1793.9,1795.4 1 0
github.com/e2eterraformprovider/terraform-provider-e2e/e2e/autoscaling/resource_autoscaling.go:1797.3,1800.17 3 0
github.com/e2eterraformprovider/terraform-provider-e2e/e2e/autoscaling/resource_autoscaling.go:1800.17,1802.4 1 0
github.com/e2eterraformprovider/terraform-provider-e2e/e2e/autoscaling/resource_autoscaling.go:1803.3,1803.19 1 0
github.com/e2eterraformprovider/terraform-provider-e2e/e2e/autoscaling/resource_autoscaling.go:1803.19,1805.4 1 0
github.com/e2eterraformprovider/terraform-provider-e2e/e2e/autoscaling/resource_autoscaling.go:1806.3,1807.105 2 0
github.com/e2eterraformprovider/terraform-provider-e2e/e2e/autoscaling/resource_autoscaling.go:1807.105,1809.4 1 0
github.com/e2eterraformprovider/terraform-provider-e2e/e2e/autoscaling/resource_autoscaling.go:1812.3,1813.10 2 0
github.com/e2eterraformprovider/terraform-provider-e2e/e2e/autoscaling/resource_autoscaling.go:1813.10,1815.4 1 0
github.com/e2eterraformprovider/terraform-provider-e2e/e2e/autoscaling/resource_autoscaling.go:1816.3,1816.47 1 0
github.com/e2eterraformprovider/terraform-provider-e2e/e2e/autoscaling/resource_autoscaling.go:1816.47,1818.4 1 0
github.com/e2eterraformprovider/terraform-provider-e2e/e2e/autoscaling/resource_autoscaling.go:1820.3,1820.13 1 0
github.com/e2eterraformprovider/terraform-provider-e2e/e2e/autoscaling/resource_autoscaling.go:1820.13,1823.18 3 0
github.com/e2eterraformprovider/terraform-provider-e2e/e2e/autoscaling/resource_autoscaling.go:1823.18,1825.5 1 0
github.com/e2eterraformprovider/terraform-provider-e2e/e2e/autoscaling/resource_autoscaling.go:1826.9,1829.18 3 0
github.com/e2eterraformprovider/terraform-provider-e2e/e2e/autoscaling/resource_autoscaling.go:1829.18,1831.5 1 0
github.com/e2eterraformprovider/terraform-provider-e2e/e2e/autoscaling/resource_autoscaling.go:1836.2,1841.40 3 0
github.com/e2eterraformprovider/terraform-provider-e2e/e2e/autoscaling/resource_autoscaling.go:1841.40,1844.3 2 0
github.com/e2eterraformprovider/terraform-provider-e2e/e2e/autoscaling/resource_autoscaling.go:1847.2,1848.44 2 0
github.com/e2eterraformprovider/terraform-provider-e2e/e2e/autoscaling/resource_autoscaling.go:1848.44,1850.39 1 0
github.com/e2eterraformprovider/terraform-provider-e2e/e2e/autoscaling/resource_autoscaling.go:1850.39,1853.45 3 0
github.com/e2eterraformprovider/terraform-provider-e2e/e2e/autoscaling/resource_autoscaling.go:1853.45,1855.5 1 0
github.com/e2eterraformprovider/terraform-provider-e2e/e2e/autoscaling/resource_autoscaling.go:1857.4,1859.35 3 0
github.com/e2eterraformprovider/terraform-provider-e2e/e2e/autoscaling/resource_autoscaling.go:1859.35,1861.5 1 0
github.com/e2eterraformprovider/terraform-provider-e2e/e2e/autoscaling/resource_autoscaling.go:1861.10,1861.45 1 0
github.com/e2eterraformprovider/terraform-provider-e2e/e2e/autoscaling/resource_autoscaling.go:1861.45,1863.5 1 0
github.com/e2eterraformprovider/terraform-provider-e2e/e2e/autoscaling/resource_autoscaling.go:1865.4,1874.6 1 0
github.com/e2eterraformprovider/terraform-provider-e2e/e2e/autoscaling/resource_autoscaling.go:1876.8,1876.43 1 0
github.com/e2eterraformprovider/terraform-provider-e2e/e2e/autoscaling/resource_autoscaling.go:1876.43,1878.39 1 0
github.com/e2eterraformprovider/terraform-provider-e2e/e2e/autoscaling/resource_autoscaling.go:1878.39,1890.4 2 0
github.com/e2eterraformprovider/terraform-provider-e2e/e2e/autoscaling/resource_autoscaling.go:1893.2,1894.47 2 0
github.com/e2eterraformprovider/terraform-provider-e2e/e2e/autoscaling/resource_autoscaling.go:1894.47,1896.39 1 0
github.com/e2eterraformprovider/terraform-provider-e2e/e2e/autoscaling/resource_autoscaling.go:1896.39,1900.78 4 0
github.com/e2eterraformprovider/terraform-provider-e2e/e2e/autoscaling/resource_autoscaling.go:1900.78,1902.5 1 0
github.com/e2eterraformprovider/terraform-provider-e2e/e2e/autoscaling/resource_autoscaling.go:1902.10,1904.5 1 0
github.com/e2eterraformprovider/terraform-provider-e2e/e2e/autoscaling/resource_autoscaling.go:1905.4,1909.6 1 0
github.com/e2eterraformprovider/terraform-provider-e2e/e2e/autoscaling/resource_autoscaling.go:1911.8,1911.53 1 0
github.com/e2eterraformprovider/terraform-provider-e2e/e2e/autoscaling/resource_autoscaling.go:1911.53,1913.39 1 0
github.com/e2eterraformprovider/terraform-provider-e2e/e2e/autoscaling/resource_autoscaling.go:1913.39,1920.4 2 0
github.com/e2eterraformprovider/terraform-provider-e2e/e2e/autoscaling/resource_autoscaling.go:1923.2,1924.30 2 0
github.com/e2eterraformprovider/terraform-provider-e2e/e2e/autoscaling/resource_autoscaling.go:1924.30,1926.23 2 0
github.com/e2eterraformprovider/terraform-provider-e2e/e2e/autoscaling/resource_autoscaling.go:1926.23,1928.4 1 0
github.com/e2eterraformprovider/terraform-provider-e2e/e2e/autoscaling/resource_autoscaling.go:1931.2,1944.16 5 0
github.com/e2eterraformprovider/terraform-provider-e2e/e2e/autoscaling/resource_autoscaling.go:1944.16,1946.3 1 0
github.com/e2eterraformprovider/terraform-provider-e2e/e2e/autoscaling/resource_autoscaling.go:1948.2,1948.43 1 0
github.com/e2eterraformprovider/terraform-provider-e2e/e2e/autoscaling/resource_autoscaling.go:1951.51,1953.27 2 0
github.com/e2eterraformprovider/terraform-provider-e2e/e2e/autoscaling/resource_autoscaling.go:1953.27,1954.48 1 0
github.com/e2eterraformprovider/terraform-provider-e2e/e2e/autoscaling/resource_autoscaling.go:1954.48,1955.42 1 0
github.com/e2eterraformprovider/terraform-provider-e2e/e2e/autoscaling/resource_autoscaling.go:1955.42,1957.5 1 0
github.com/e2eterraformprovider/terraform-provider-e2e/e2e/autoscaling/resource_autoscaling.go:1960.2,1960.14 1 0
github.com/e2eterraformprovider/terraform-provider-e2e/e2e/autoscaling/resource_autoscaling.go:1963.41,1965.22 2 0
github.com/e2eterraformprovider/terraform-provider-e2e/e2e/autoscaling/resource_autoscaling.go:1965.22,1967.3 1 0
github.com/e2eterraformprovider/terraform-provider-e2e/e2e/autoscaling/resource_autoscaling.go:1968.2,1969.22 2 0
github.com/e2eterraformprovider/terraform-provider-e2e/e2e/autoscaling/resource_autoscaling.go:1969.22,1970.13 1 0
github.com/e2eterraformprovider/terraform-provider-e2e/e2e/autoscaling/resource_autoscaling.go:1970.13,1972.4 1 0
github.com/e2eterraformprovider/terraform-provider-e2e/e2e/autoscaling/resource_autoscaling.go:1974.2,1974.13 1 0
github.com/e2eterraformprovider/terraform-provider-e2e/e2e/autoscaling/resource_autoscaling.go:1977.45,1979.24 2 0
github.com/e2eterraformprovider/terraform-provider-e2e/e2e/autoscaling/resource_autoscaling.go:1979.24,1981.3 1 0
github.com/e2eterraformprovider/terraform-provider-e2e/e2e/autoscaling/resource_autoscaling.go:1982.2,1982.15 1 0
github.com/e2eterraformprovider/terraform-provider-e2e/e2e/autoscaling/resource_autoscaling.go:1985.47,1987.23 2 0
github.com/e2eterraformprovider/terraform-provider-e2e/e2e/autoscaling/resource_autoscaling.go:1987.23,1989.3 1 0
github.com/e2eterraformprovider/terraform-provider-e2e/e2e/autoscaling/resource_autoscaling.go:1990.2,1990.15 1 0
github.com/e2eterraformprovider/terraform-provider-e2e/e2e/autoscaling/resource_autoscaling.go:1994.58,1995.39 1 0
github.com/e2eterraformprovider/terraform-provider-e2e/e2e/autoscaling/resource_autoscaling.go:1995.39,1997.3 1 0
github.com/e2eterraformprovider/terraform-provider-e2e/e2e/autoscaling/resource_autoscaling.go:1998.2,1998.49 1 0
github.com/e2eterraformprovider/terraform-provider-e2e/e2e/autoscaling/resource_autoscaling.go:1998.49,2000.3 1 0
github.com/e2eterraformprovider/terraform-provider-e2e/e2e/autoscaling/resource_autoscaling.go:2001.2,2001.11 1 0
github.com/e2eterraformprovider/terraform-provider-e2e/e2e/autoscaling/resource_autoscaling.go:2005.63,2006.43 1 0
github.com/e2eterraformprovider/terraform-provider-e2e/e2e/autoscaling/resource_autoscaling.go:2006.43,2008.3 1 0
github.com/e2eterraformprovider/terraform-provider-e2e/e2e/autoscaling/resource_autoscaling.go:2009.2,2009.36 1 0
github.com/e2eterraformprovider/terraform-provider-e2e/e2e/autoscaling/resource_autoscaling.go:2009.36,2011.3 1 0
[...]
github.com/e2eterraformprovider/terraform-provider-e2e/e2e/dbaas_postgress/resource_postgress.go:650.3,651.33 2 0
github.com/e2eterraformprovider/terraform-provider-e2e/e2e/dbaas_postgress/resource_postgress.go:651.33,653.37 2 0
github.com/e2eterraformprovider/terraform-provider-e2e/e2e/dbaas_postgress/resource_postgress.go:653.37,654.22 1 0
github.com/e2eterraformprovider/terraform-provider-e2e/e2e/dbaas_postgress/resource_postgress.go:654.22,656.11 2 0
github.com/e2eterraformprovider/terraform-provider-e2e/e2e/dbaas_postgress/resource_postgress.go:659.4,659.14 1 0
github.com/e2eterraformprovider/terraform-provider-e2e/e2e/dbaas_postgress/resource_postgress.go:659.14,661.5 1 0
github.com/e2eterraformprovider/terraform-provider-e2e/e2e/dbaas_postgress/resource_postgress.go:665.3,666.33 2 0
github.com/e2eterraformprovider/terraform-provider-e2e/e2e/dbaas_postgress/resource_postgress.go:666.33,667.20 1 0
github.com/e2eterraformprovider/terraform-provider-e2e/e2e/dbaas_postgress/resource_postgress.go:667.20,669.5 1 0
github.com/e2eterraformprovider/terraform-provider-e2e/e2e/dbaas_postgress/resource_postgress.go:673.3,673.24 1 0
github.com/e2eterraformprovider/terraform-provider-e2e/e2e/dbaas_postgress/resource_postgress.go:673.24,676.18 3 0
github.com/e2eterraformprovider/terraform-provider-e2e/e2e/dbaas_postgress/resource_postgress.go:676.18,680.5 3 0
github.com/e2eterraformprovider/terraform-provider-e2e/e2e/dbaas_postgress/resource_postgress.go:682.4,688.18 3 0
github.com/e2eterraformprovider/terraform-provider-e2e/e2e/dbaas_postgress/resource_postgress.go:688.18,692.5 3 0
github.com/e2eterraformprovider/terraform-provider-e2e/e2e/dbaas_postgress/resource_postgress.go:696.3,696.24 1 0
github.com/e2eterraformprovider/terraform-provider-e2e/e2e/dbaas_postgress/resource_postgress.go:696.24,699.18 3 0
github.com/e2eterraformprovider/terraform-provider-e2e/e2e/dbaas_postgress/resource_postgress.go:699.18,703.5 3 0
github.com/e2eterraformprovider/terraform-provider-e2e/e2e/dbaas_postgress/resource_postgress.go:705.4,711.18 3 0
github.com/e2eterraformprovider/terraform-provider-e2e/e2e/dbaas_postgress/resource_postgress.go:711.18,715.5 3 0
github.com/e2eterraformprovider/terraform-provider-e2e/e2e/dbaas_postgress/resource_postgress.go:720.2,720.51 1 0
github.com/e2eterraformprovider/terraform-provider-e2e/e2e/dbaas_postgress/resource_postgress.go:720.51,726.20 5 0
github.com/e2eterraformprovider/terraform-provider-e2e/e2e/dbaas_postgress/resource_postgress.go:726.20,728.4 1 0
github.com/e2eterraformprovider/terraform-provider-e2e/e2e/dbaas_postgress/resource_postgress.go:729.3,729.20 1 0
github.com/e2eterraformprovider/terraform-provider-e2e/e2e/dbaas_postgress/resource_postgress.go:729.20,731.4 1 0
github.com/e2eterraformprovider/terraform-provider-e2e/e2e/dbaas_postgress/resource_postgress.go:734.3,734.58 1 0
github.com/e2eterraformprovider/terraform-provider-e2e/e2e/dbaas_postgress/resource_postgress.go:734.58,737.4 2 0
github.com/e2eterraformprovider/terraform-provider-e2e/e2e/dbaas_postgress/resource_postgress.go:739.3,741.10 2 0
github.com/e2eterraformprovider/terraform-provider-e2e/e2e/dbaas_postgress/resource_postgress.go:742.37,745.18 2 0
github.com/e2eterraformprovider/terraform-provider-e2e/e2e/dbaas_postgress/resource_postgress.go:745.18,748.5 2 0
github.com/e2eterraformprovider/terraform-provider-e2e/e2e/dbaas_postgress/resource_postgress.go:749.4,749.110 1 0
github.com/e2eterraformprovider/terraform-provider-e2e/e2e/dbaas_postgress/resource_postgress.go:750.43,753.18 2 0
github.com/e2eterraformprovider/terraform-provider-e2e/e2e/dbaas_postgress/resource_postgress.go:753.18,756.5 2 0
github.com/e2eterraformprovider/terraform-provider-e2e/e2e/dbaas_postgress/resource_postgress.go:757.4,757.108 1 0
github.com/e2eterraformprovider/terraform-provider-e2e/e2e/dbaas_postgress/resource_postgress.go:762.2,762.39 1 0
github.com/e2eterraformprovider/terraform-provider-e2e/e2e/dbaas_postgress/resource_postgress.go:762.39,769.57 5 0
github.com/e2eterraformprovider/terraform-provider-e2e/e2e/dbaas_postgress/resource_postgress.go:769.57,771.4 1 0
github.com/e2eterraformprovider/terraform-provider-e2e/e2e/dbaas_postgress/resource_postgress.go:773.3,773.59 1 0
github.com/e2eterraformprovider/terraform-provider-e2e/e2e/dbaas_postgress/resource_postgress.go:773.59,776.4 2 0
github.com/e2eterraformprovider/terraform-provider-e2e/e2e/dbaas_postgress/resource_postgress.go:779.3,780.17 2 0
github.com/e2eterraformprovider/terraform-provider-e2e/e2e/dbaas_postgress/resource_postgress.go:780.17,783.4 2 0
github.com/e2eterraformprovider/terraform-provider-e2e/e2e/dbaas_postgress/resource_postgress.go:786.3,787.17 2 0
github.com/e2eterraformprovider/terraform-provider-e2e/e2e/dbaas_postgress/resource_postgress.go:787.17,790.4 2 0
github.com/e2eterraformprovider/terraform-provider-e2e/e2e/dbaas_postgress/resource_postgress.go:792.3,799.17 4 0
github.com/e2eterraformprovider/terraform-provider-e2e/e2e/dbaas_postgress/resource_postgress.go:799.17,802.4 2 0
github.com/e2eterraformprovider/terraform-provider-e2e/e2e/dbaas_postgress/resource_postgress.go:804.3,804.85 1 0
github.com/e2eterraformprovider/terraform-provider-e2e/e2e/dbaas_postgress/resource_postgress.go:808.2,808.39 1 0
github.com/e2eterraformprovider/terraform-provider-e2e/e2e/dbaas_postgress/resource_postgress.go:808.39,812.57 3 0
github.com/e2eterraformprovider/terraform-provider-e2e/e2e/dbaas_postgress/resource_postgress.go:812.57,814.4 1 0
github.com/e2eterraformprovider/terraform-provider-e2e/e2e/dbaas_postgress/resource_postgress.go:816.3,816.59 1 0
github.com/e2eterraformprovider/terraform-provider-e2e/e2e/dbaas_postgress/resource_postgress.go:816.59,819.4 2 0
github.com/e2eterraformprovider/terraform-provider-e2e/e2e/dbaas_postgress/resource_postgress.go:821.3,822.10 2 0
github.com/e2eterraformprovider/terraform-provider-e2e/e2e/dbaas_postgress/resource_postgress.go:822.10,825.4 2 0
github.com/e2eterraformprovider/terraform-provider-e2e/e2e/dbaas_postgress/resource_postgress.go:827.3,831.22 3 0
github.com/e2eterraformprovider/terraform-provider-e2e/e2e/dbaas_postgress/resource_postgress.go:831.22,833.4 1 0
github.com/e2eterraformprovider/terraform-provider-e2e/e2e/dbaas_postgress/resource_postgress.go:834.3,836.26 2 0
github.com/e2eterraformprovider/terraform-provider-e2e/e2e/dbaas_postgress/resource_postgress.go:836.26,839.4 2 0
github.com/e2eterraformprovider/terraform-provider-e2e/e2e/dbaas_postgress/resource_postgress.go:841.3,846.17 3 0
github.com/e2eterraformprovider/terraform-provider-e2e/e2e/dbaas_postgress/resource_postgress.go:846.17,849.4 2 0
github.com/e2eterraformprovider/terraform-provider-e2e/e2e/dbaas_postgress/resource_postgress.go:851.3,851.110 1 0
github.com/e2eterraformprovider/terraform-provider-e2e/e2e/dbaas_postgress/resource_postgress.go:857.2,857.41 1 0
github.com/e2eterraformprovider/terraform-provider-e2e/e2e/dbaas_postgress/resource_postgress.go:862.107,867.21 4 3
github.com/e2eterraformprovider/terraform-provider-e2e/e2e/dbaas_postgress/resource_postgress.go:867.21,869.3 1 0
github.com/e2eterraformprovider/terraform-provider-e2e/e2e/dbaas_postgress/resource_postgress.go:870.2,870.21 1 3
github.com/e2eterraformprovider/terraform-provider-e2e/e2e/dbaas_postgress/resource_postgress.go:870.21,872.3 1 0
github.com/e2eterraformprovider/terraform-provider-e2e/e2e/dbaas_postgress/resource_postgress.go:874.2,875.16 2 3
github.com/e2eterraformprovider/terraform-provider-e2e/e2e/dbaas_postgress/resource_postgress.go:875.16,877.3 1 0
github.com/e2eterraformprovider/terraform-provider-e2e/e2e/dbaas_postgress/resource_postgress.go:879.2,880.16 2 3
github.com/e2eterraformprovider/terraform-provider-e2e/e2e/dbaas_postgress/resource_postgress.go:880.16,882.3 1 0
github.com/e2eterraformprovider/terraform-provider-e2e/e2e/dbaas_postgress/resource_postgress.go:885.2,886.16 2 3
github.com/e2eterraformprovider/terraform-provider-e2e/e2e/dbaas_postgress/resource_postgress.go:886.16,888.3 1 0
github.com/e2eterraformprovider/terraform-provider-e2e/e2e/dbaas_postgress/resource_postgress.go:891.2,892.50 2 3
github.com/e2eterraformprovider/terraform-provider-e2e/e2e/dbaas_postgress/resource_postgress.go:892.50,894.3 1 0
github.com/e2eterraformprovider/terraform-provider-e2e/e2e/dbaas_postgress/resource_postgress.go:897.2,898.16 2 3
github.com/e2eterraformprovider/terraform-provider-e2e/e2e/dbaas_postgress/resource_postgress.go:898.16,901.33 2 2
github.com/e2eterraformprovider/terraform-provider-e2e/e2e/dbaas_postgress/resource_postgress.go:901.33,905.4 3 1
github.com/e2eterraformprovider/terraform-provider-e2e/e2e/dbaas_postgress/resource_postgress.go:906.3,906.149 1 1
github.com/e2eterraformprovider/terraform-provider-e2e/e2e/dbaas_postgress/resource_postgress.go:909.2,912.14 3 1
github.com/e2eterraformprovider/terraform-provider-e2e/e2e/dbaas_postgress/resource_postgress.go:917.120,919.21 2 8
github.com/e2eterraformprovider/terraform-provider-e2e/e2e/dbaas_postgress/resource_postgress.go:919.21,921.3 1 2
github.com/e2eterraformprovider/terraform-provider-e2e/e2e/dbaas_postgress/resource_postgress.go:923.2,926.68 3 6
github.com/e2eterraformprovider/terraform-provider-e2e/e2e/dbaas_postgress/resource_postgress.go:926.68,928.3 1 4
github.com/e2eterraformprovider/terraform-provider-e2e/e2e/dbaas_postgress/resource_postgress.go:929.2,931.39 2 2
github.com/e2eterraformprovider/terraform-provider-e2e/e2e/dbaas_postgress/resource_postgress.go:935.54,1091.2 1 26
github.com/e2eterraformprovider/terraform-provider-e2e/e2e/dbaas_postgress/resource_postgress.go:1099.35,1101.44 1 21
github.com/e2eterraformprovider/terraform-provider-e2e/e2e/dbaas_postgress/resource_postgress.go:1101.44,1103.3 1 20
github.com/e2eterraformprovider/terraform-provider-e2e/e2e/dbaas_postgress/resource_postgress.go:1106.2,1106.97 1 21
github.com/e2eterraformprovider/terraform-provider-e2e/e2e/dbaas_postgress/resource_postgress.go:1106.97,1109.3 1 3
github.com/e2eterraformprovider/terraform-provider-e2e/e2e/dbaas_postgress/resource_postgress.go:1112.2,1112.93 1 21
github.com/e2eterraformprovider/terraform-provider-e2e/e2e/dbaas_postgress/resource_postgress.go:1112.93,1114.46 1 4
github.com/e2eterraformprovider/terraform-provider-e2e/e2e/dbaas_postgress/resource_postgress.go:1114.46,1116.4 1 3
github.com/e2eterraformprovider/terraform-provider-e2e/e2e/dbaas_postgress/resource_postgress.go:1120.2,1120.87 1 21
github.com/e2eterraformprovider/terraform-provider-e2e/e2e/dbaas_postgress/resource_postgress.go:1120.87,1123.77 2 7
github.com/e2eterraformprovider/terraform-provider-e2e/e2e/dbaas_postgress/resource_postgress.go:1123.77,1124.26 1 5
github.com/e2eterraformprovider/terraform-provider-e2e/e2e/dbaas_postgress/resource_postgress.go:1125.43,1126.47 1 2
github.com/e2eterraformprovider/terraform-provider-e2e/e2e/dbaas_postgress/resource_postgress.go:1127.42,1128.49 1 1
github.com/e2eterraformprovider/terraform-provider-e2e/e2e/dbaas_postgress/resource_postgress.go:1129.45,1130.50 1 1
github.com/e2eterraformprovider/terraform-provider-e2e/e2e/dbaas_postgress/resource_postgress.go:1131.12,1132.28 1 1
github.com/e2eterraformprovider/terraform-provider-e2e/e2e/dbaas_postgress/resource_postgress.go:1134.4,1134.20 1 5
github.com/e2eterraformprovider/terraform-provider-e2e/e2e/dbaas_postgress/resource_postgress.go:1134.20,1136.5 1 5
github.com/e2eterraformprovider/terraform-provider-e2e/e2e/dbaas_postgress/resource_postgress.go:1141.2,1143.22 2 21
github.com/e2eterraformprovider/terraform-provider-e2e/e2e/dbaas_postgress/sweep.go:12.13,21.2 1 1
github.com/e2eterraformprovider/terraform-provider-e2e/e2e/dbaas_postgress/sweep.go:23.48,68.2 3 0
github.com/e2eterraformprovider/terraform-provider-e2e/e2e/util/errors.go:9.38,10.16 1 21
github.com/e2eterraformprovider/terraform-provider-e2e/e2e/util/errors.go:10.16,12.3 1 1
github.com/e2eterraformprovider/terraform-provider-e2e/e2e/util/errors.go:15.2,18.62 2 20
github.com/e2eterraformprovider/terraform-provider-e2e/e2e/util/schema.go:10.85,11.28 1 11
github.com/e2eterraformprovider/terraform-provider-e2e/e2e/util/schema.go:11.28,12.43 1 15
github.com/e2eterraformprovider/terraform-provider-e2e/e2e/util/schema.go:12.43,14.4 1 3
github.com/e2eterraformprovider/terraform-provider-e2e/e2e/util/schema.go:16.2,16.12 1 8
github.com/e2eterraformprovider/terraform-provider-e2e/e2e/util/set.go:12.92,14.31 2 7
github.com/e2eterraformprovider/terraform-provider-e2e/e2e/util/set.go:14.31,15.23 1 15
github.com/e2eterraformprovider/terraform-provider-e2e/e2e/util/set.go:15.23,17.4 1 7
github.com/e2eterraformprovider/terraform-provider-e2e/e2e/util/set.go:20.2,21.31 2 7
github.com/e2eterraformprovider/terraform-provider-e2e/e2e/util/set.go:21.31,22.23 1 14
github.com/e2eterraformprovider/terraform-provider-e2e/e2e/util/set.go:22.23,24.4 1 6
github.com/e2eterraformprovider/terraform-provider-e2e/e2e/util/set.go:27.2,27.20 1 7
github.com/e2eterraformprovider/terraform-provider-e2e/e2e/util/wait.go:42.9,43.16 1 34
github.com/e2eterraformprovider/terraform-provider-e2e/e2e/util/wait.go:43.16,45.3 1 1
github.com/e2eterraformprovider/terraform-provider-e2e/e2e/util/wait.go:46.2,46.21 1 34
github.com/e2eterraformprovider/terraform-provider-e2e/e2e/util/wait.go:46.21,48.3 1 1
github.com/e2eterraformprovider/terraform-provider-e2e/e2e/util/wait.go:49.2,49.25 1 34
github.com/e2eterraformprovider/terraform-provider-e2e/e2e/util/wait.go:49.25,51.3 1 31
github.com/e2eterraformprovider/terraform-provider-e2e/e2e/util/wait.go:53.2,64.12 3 34
github.com/e2eterraformprovider/terraform-provider-e2e/e2e/util/wait.go:73.118,76.53 2 0
github.com/e2eterraformprovider/terraform-provider-e2e/e2e/util/wait.go:76.53,80.17 3 0
github.com/e2eterraformprovider/terraform-provider-e2e/e2e/util/wait.go:80.17,82.4 1 0
github.com/e2eterraformprovider/terraform-provider-e2e/e2e/util/wait.go:84.3,84.16 1 0
github.com/e2eterraformprovider/terraform-provider-e2e/e2e/util/wait.go:84.16,86.4 1 0
github.com/e2eterraformprovider/terraform-provider-e2e/e2e/util/wait.go:88.3,91.98 2 0
github.com/e2eterraformprovider/terraform-provider-e2e/e2e/util/wait.go:91.98,93.4 1 0
github.com/e2eterraformprovider/terraform-provider-e2e/e2e/util/wait.go:95.3,95.28 1 0
github.com/e2eterraformprovider/terraform-provider-e2e/e2e/util/wait.go:98.2,109.16 2 0
github.com/e2eterraformprovider/terraform-provider-e2e/e2e/util/wait.go:109.16,111.3 1 0
github.com/e2eterraformprovider/terraform-provider-e2e/e2e/util/wait.go:113.2,114.12 2 0
github.com/e2eterraformprovider/terraform-provider-e2e/e2e/util/wait.go:124.97,127.16 3 0
github.com/e2eterraformprovider/terraform-provider-e2e/e2e/util/wait.go:127.16,129.3 1 0
github.com/e2eterraformprovider/terraform-provider-e2e/e2e/util/wait.go:131.2,134.53 3 0
github.com/e2eterraformprovider/terraform-provider-e2e/e2e/util/wait.go:134.53,138.17 3 0
github.com/e2eterraformprovider/terraform-provider-e2e/e2e/util/wait.go:138.17,139.28 1 0
github.com/e2eterraformprovider/terraform-provider-e2e/e2e/util/wait.go:139.28,142.5 2 0
github.com/e2eterraformprovider/terraform-provider-e2e/e2e/util/wait.go:143.4,143.64 1 0
github.com/e2eterraformprovider/terraform-provider-e2e/e2e/util/wait.go:146.3,146.18 1 0
github.com/e2eterraformprovider/terraform-provider-e2e/e2e/util/wait.go:146.18,148.4 1 0
github.com/e2eterraformprovider/terraform-provider-e2e/e2e/util/wait.go:150.3,151.19 2 0
github.com/e2eterraformprovider/terraform-provider-e2e/e2e/util/wait.go:151.19,153.4 1 0
github.com/e2eterraformprovider/terraform-provider-e2e/e2e/util/wait.go:155.3,158.48 2 0
github.com/e2eterraformprovider/terraform-provider-e2e/e2e/util/wait.go:158.48,160.4 1 0
github.com/e2eterraformprovider/terraform-provider-e2e/e2e/util/wait.go:162.3,162.27 1 0
github.com/e2eterraformprovider/terraform-provider-e2e/e2e/util/wait.go:165.2,176.16 2 0
github.com/e2eterraformprovider/terraform-provider-e2e/e2e/util/wait.go:176.16,178.3 1 0
github.com/e2eterraformprovider/terraform-provider-e2e/e2e/util/wait.go:180.2,181.12 2 0
github.com/e2eterraformprovider/terraform-provider-e2e/e2e/util/wait.go:191.95,194.16 3 0
github.com/e2eterraformprovider/terraform-provider-e2e/e2e/util/wait.go:194.16,196.3 1 0
github.com/e2eterraformprovider/terraform-provider-e2e/e2e/util/wait.go:198.2,207.53 4 0
github.com/e2eterraformprovider/terraform-provider-e2e/e2e/util/wait.go:207.53,211.17 3 0
github.com/e2eterraformprovider/terraform-provider-e2e/e2e/util/wait.go:211.17,213.4 1 0
github.com/e2eterraformprovider/terraform-provider-e2e/e2e/util/wait.go:215.3,215.22 1 0
github.com/e2eterraformprovider/terraform-provider-e2e/e2e/util/wait.go:215.22,217.4 1 0
github.com/e2eterraformprovider/terraform-provider-e2e/e2e/util/wait.go:219.3,223.46 3 0
github.com/e2eterraformprovider/terraform-provider-e2e/e2e/util/wait.go:223.46,224.29 1 0
github.com/e2eterraformprovider/terraform-provider-e2e/e2e/util/wait.go:224.29,226.5 1 0
github.com/e2eterraformprovider/terraform-provider-e2e/e2e/util/wait.go:230.3,230.54 1 0
github.com/e2eterraformprovider/terraform-provider-e2e/e2e/util/wait.go:233.2,244.16 2 0
github.com/e2eterraformprovider/terraform-provider-e2e/e2e/util/wait.go:244.16,246.3 1 0
github.com/e2eterraformprovider/terraform-provider-e2e/e2e/util/wait.go:248.2,249.12 2 0
github.com/e2eterraformprovider/terraform-provider-e2e/e2e/util/wait.go:258.99,261.16 3 0
github.com/e2eterraformprovider/terraform-provider-e2e/e2e/util/wait.go:261.16,263.3 1 0
github.com/e2eterraformprovider/terraform-provider-e2e/e2e/util/wait.go:265.2,268.53 3 0
github.com/e2eterraformprovider/terraform-provider-e2e/e2e/util/wait.go:268.53,270.17 2 0
github.com/e2eterraformprovider/terraform-provider-e2e/e2e/util/wait.go:270.17,273.4 2 0
github.com/e2eterraformprovider/terraform-provider-e2e/e2e/util/wait.go:275.3,275.21 1 0
github.com/e2eterraformprovider/terraform-provider-e2e/e2e/util/wait.go:275.21,277.4 1 0
github.com/e2eterraformprovider/terraform-provider-e2e/e2e/util/wait.go:279.3,280.38 2 0
github.com/e2eterraformprovider/terraform-provider-e2e/e2e/util/wait.go:283.2,294.16 2 0
github.com/e2eterraformprovider/terraform-provider-e2e/e2e/util/wait.go:294.16,296.3 1 0
github.com/e2eterraformprovider/terraform-provider-e2e/e2e/util/wait.go:298.2,299.12 2 0
github.com/e2eterraformprovider/terraform-provider-e2e/e2e/sweep/sweep.go:19.13,23.2 2 0
github.com/e2eterraformprovider/terraform-provider-e2e/e2e/sweep/sweep.go:25.67,30.18 4 0
github.com/e2eterraformprovider/terraform-provider-e2e/e2e/sweep/sweep.go:30.18,32.3 1 0
github.com/e2eterraformprovider/terraform-provider-e2e/e2e/sweep/sweep.go:34.2,34.21 1 0
github.com/e2eterraformprovider/terraform-provider-e2e/e2e/sweep/sweep.go:34.21,36.3 1 0
github.com/e2eterraformprovider/terraform-provider-e2e/e2e/sweep/sweep.go:38.2,38.23 1 0
github.com/e2eterraformprovider/terraform-provider-e2e/e2e/sweep/sweep.go:38.23,40.3 1 0
github.com/e2eterraformprovider/terraform-provider-e2e/e2e/sweep/sweep.go:42.2,43.16 2 0
github.com/e2eterraformprovider/terraform-provider-e2e/e2e/sweep/sweep.go:43.16,45.3 1 0
github.com/e2eterraformprovider/terraform-provider-e2e/e2e/sweep/sweep.go:47.2,47.17 1 0
github.com/e2eterraformprovider/terraform-provider-e2e/e2e/sweep/sweep.go:66.57,68.25 1 0
github.com/e2eterraformprovider/terraform-provider-e2e/e2e/sweep/sweep.go:68.25,70.3 1 0
github.com/e2eterraformprovider/terraform-provider-e2e/e2e/sweep/sweep.go:71.2,71.22 1 0
github.com/e2eterraformprovider/terraform-provider-e2e/e2e/sweep/sweep.go:71.22,73.3 1 0
github.com/e2eterraformprovider/terraform-provider-e2e/e2e/sweep/sweep.go:76.2,77.16 2 0
github.com/e2eterraformprovider/terraform-provider-e2e/e2e/sweep/sweep.go:77.16,79.3 1 0
github.com/e2eterraformprovider/terraform-provider-e2e/e2e/sweep/sweep.go:82.2,83.16 2 0
github.com/e2eterraformprovider/terraform-provider-e2e/e2e/sweep/sweep.go:83.16,85.3 1 0
github.com/e2eterraformprovider/terraform-provider-e2e/e2e/sweep/sweep.go:87.2,87.20 1 0
